TN:
SF:/opt/jenkins/workspace/master/nuxeo-elements-master/core/nuxeo-connection.js
FN:42,(anonymous_0)
FN:52,(anonymous_1)
FN:56,(anonymous_2)
FN:111,(anonymous_3)
FN:119,(anonymous_4)
FN:166,(anonymous_5)
FN:178,(anonymous_6)
FN:186,(anonymous_7)
FN:190,(anonymous_8)
FN:202,(anonymous_9)
FN:203,(anonymous_10)
FN:210,(anonymous_11)
FN:211,(anonymous_12)
FN:218,(anonymous_13)
FN:219,(anonymous_14)
FN:225,(anonymous_15)
FN:226,(anonymous_16)
FNF:17
FNH:12
FNDA:10,(anonymous_0)
FNDA:30,(anonymous_1)
FNDA:10,(anonymous_2)
FNDA:48,(anonymous_3)
FNDA:90,(anonymous_4)
FNDA:8,(anonymous_5)
FNDA:8,(anonymous_6)
FNDA:0,(anonymous_7)
FNDA:62,(anonymous_8)
FNDA:22,(anonymous_9)
FNDA:14,(anonymous_10)
FNDA:12,(anonymous_11)
FNDA:8,(anonymous_12)
FNDA:0,(anonymous_13)
FNDA:0,(anonymous_14)
FNDA:0,(anonymous_15)
FNDA:0,(anonymous_16)
DA:25,10
DA:43,10
DA:53,30
DA:57,10
DA:112,48
DA:113,48
DA:122,90
DA:123,90
DA:124,90
DA:126,68
DA:127,68
DA:128,68
DA:129,68
DA:130,68
DA:133,68
DA:138,68
DA:141,0
DA:144,22
DA:149,22
DA:150,0
DA:157,22
DA:158,0
DA:162,22
DA:165,22
DA:167,8
DA:168,8
DA:171,22
DA:179,8
DA:187,0
DA:191,62
DA:192,62
DA:193,62
DA:194,62
DA:196,62
DA:203,22
DA:211,12
DA:219,0
DA:226,0
DA:230,10
DA:231,10
LF:40
LH:34
BRDA:122,0,0,80
BRDA:122,0,1,10
BRDA:124,1,0,68
BRDA:124,1,1,22
BRDA:126,2,0,68
BRDA:126,2,1,0
BRDA:126,3,0,68
BRDA:126,3,1,68
BRDA:126,3,2,68
BRDA:126,3,3,68
BRDA:133,4,0,68
BRDA:133,4,1,0
BRDA:133,5,0,68
BRDA:133,5,1,68
BRDA:133,5,2,68
BRDA:133,5,3,68
BRDA:149,6,0,0
BRDA:149,6,1,22
BRDA:157,7,0,0
BRDA:157,7,1,22
BRDA:162,8,0,22
BRDA:162,8,1,22
BRDA:179,9,0,8
BRDA:179,9,1,8
BRDA:187,10,0,0
BRDA:187,10,1,0
BRDA:191,11,0,62
BRDA:191,11,1,0
BRF:28
BRH:21
end_of_record
TN:
SF:/opt/jenkins/workspace/master/nuxeo-elements-master/core/nuxeo-document.js
FN:36,(anonymous_0)
FN:62,(anonymous_1)
FN:66,(anonymous_2)
FN:173,(anonymous_3)
FN:175,(anonymous_4)
FN:181,(anonymous_5)
FN:187,(anonymous_6)
FN:193,(anonymous_7)
FN:199,(anonymous_8)
FN:205,(anonymous_9)
FN:209,(anonymous_10)
FNF:11
FNH:8
FNDA:2,(anonymous_0)
FNDA:6,(anonymous_1)
FNDA:2,(anonymous_2)
FNDA:14,(anonymous_3)
FNDA:16,(anonymous_4)
FNDA:10,(anonymous_5)
FNDA:0,(anonymous_6)
FNDA:0,(anonymous_7)
FNDA:0,(anonymous_8)
FNDA:10,(anonymous_9)
FNDA:14,(anonymous_10)
DA:37,2
DA:63,6
DA:67,2
DA:174,14
DA:175,14
DA:176,16
DA:182,10
DA:183,10
DA:188,0
DA:189,0
DA:194,0
DA:195,0
DA:200,0
DA:201,0
DA:206,10
DA:210,14
DA:211,14
DA:212,4
DA:213,10
DA:214,10
DA:216,14
DA:220,2
DA:221,2
LF:23
LH:17
BRDA:211,0,0,4
BRDA:211,0,1,10
BRDA:213,1,0,10
BRDA:213,1,1,0
BRF:4
BRH:3
end_of_record
TN:
SF:/opt/jenkins/workspace/master/nuxeo-elements-master/core/nuxeo-element.js
FNF:0
FNH:0
DA:22,10
DA:27,10
LF:2
LH:2
BRDA:22,0,0,10
BRDA:22,0,1,4
BRF:2
BRH:2
end_of_record
TN:
SF:/opt/jenkins/workspace/master/nuxeo-elements-master/core/nuxeo-operation.js
FN:43,(anonymous_0)
FN:54,(anonymous_1)
FN:58,(anonymous_2)
FN:181,(anonymous_3)
FN:193,(anonymous_4)
FN:226,(anonymous_5)
FN:234,(anonymous_6)
FN:240,(anonymous_7)
FN:246,(anonymous_8)
FN:262,(anonymous_9)
FN:275,(anonymous_10)
FN:288,(anonymous_11)
FN:304,(anonymous_12)
FN:305,(anonymous_13)
FN:306,(anonymous_14)
FN:307,(anonymous_15)
FN:312,(anonymous_16)
FN:320,(anonymous_17)
FNF:18
FNH:11
FNDA:2,(anonymous_0)
FNDA:6,(anonymous_1)
FNDA:2,(anonymous_2)
FNDA:2,(anonymous_3)
FNDA:12,(anonymous_4)
FNDA:0,(anonymous_5)
FNDA:8,(anonymous_6)
FNDA:12,(anonymous_7)
FNDA:8,(anonymous_8)
FNDA:0,(anonymous_9)
FNDA:6,(anonymous_10)
FNDA:2,(anonymous_11)
FNDA:0,(anonymous_12)
FNDA:0,(anonymous_13)
FNDA:0,(anonymous_14)
FNDA:0,(anonymous_15)
FNDA:0,(anonymous_16)
FNDA:32,(anonymous_17)
DA:44,2
DA:55,6
DA:59,2
DA:182,2
DA:194,12
DA:196,12
DA:198,12
DA:202,12
DA:203,2
DA:204,2
DA:205,2
DA:208,12
DA:210,12
DA:211,0
DA:213,12
DA:215,12
DA:216,0
DA:219,12
DA:220,12
DA:221,12
DA:222,0
DA:224,12
DA:226,12
DA:227,0
DA:228,0
DA:229,0
DA:231,0
DA:234,12
DA:235,8
DA:236,8
DA:241,12
DA:242,0
DA:247,8
DA:248,0
DA:251,8
DA:252,0
DA:253,0
DA:256,8
DA:261,8
DA:262,0
DA:263,0
DA:264,0
DA:268,0
DA:270,0
DA:274,8
DA:276,6
DA:283,6
DA:284,6
DA:285,6
DA:286,6
DA:289,2
DA:290,0
DA:296,2
DA:297,2
DA:298,2
DA:299,2
DA:300,2
DA:305,0
DA:306,0
DA:307,0
DA:309,0
DA:310,0
DA:312,0
DA:316,0
DA:321,32
DA:325,2
DA:326,2
LF:67
LH:43
BRDA:196,0,0,12
BRDA:196,0,1,0
BRDA:196,1,0,12
BRDA:196,1,1,12
BRDA:202,2,0,2
BRDA:202,2,1,10
BRDA:210,3,0,0
BRDA:210,3,1,12
BRDA:210,4,0,12
BRDA:210,4,1,0
BRDA:213,5,0,12
BRDA:213,5,1,12
BRDA:215,6,0,0
BRDA:215,6,1,12
BRDA:219,7,0,12
BRDA:219,7,1,0
BRDA:221,8,0,0
BRDA:221,8,1,12
BRDA:228,9,0,0
BRDA:228,9,1,0
BRDA:241,10,0,0
BRDA:241,10,1,12
BRDA:247,11,0,0
BRDA:247,11,1,8
BRDA:251,12,0,0
BRDA:251,12,1,8
BRDA:261,13,0,0
BRDA:261,13,1,8
BRDA:263,14,0,0
BRDA:263,14,1,0
BRDA:289,15,0,0
BRDA:289,15,1,2
BRDA:309,16,0,0
BRDA:309,16,1,0
BRF:34
BRH:17
end_of_record
TN:
SF:/opt/jenkins/workspace/master/nuxeo-elements-master/core/nuxeo-page-provider.js
FN:55,(anonymous_0)
FN:75,(anonymous_1)
FN:79,(anonymous_2)
FN:278,(anonymous_3)
FN:296,(anonymous_4)
FN:298,(anonymous_5)
FN:311,(anonymous_6)
FN:329,(anonymous_7)
FN:345,(anonymous_8)
FN:357,(anonymous_9)
FN:382,(anonymous_10)
FN:405,(anonymous_11)
FN:409,(anonymous_12)
FN:410,(anonymous_13)
FN:413,(anonymous_14)
FN:424,(anonymous_15)
FN:429,(anonymous_16)
FN:439,(anonymous_17)
FNF:18
FNH:17
FNDA:4,(anonymous_0)
FNDA:12,(anonymous_1)
FNDA:4,(anonymous_2)
FNDA:4,(anonymous_3)
FNDA:6,(anonymous_4)
FNDA:8,(anonymous_5)
FNDA:4,(anonymous_6)
FNDA:2,(anonymous_7)
FNDA:2,(anonymous_8)
FNDA:6,(anonymous_9)
FNDA:4,(anonymous_10)
FNDA:10,(anonymous_11)
FNDA:2,(anonymous_12)
FNDA:2,(anonymous_13)
FNDA:6,(anonymous_14)
FNDA:0,(anonymous_15)
FNDA:6,(anonymous_16)
FNDA:6,(anonymous_17)
DA:56,4
DA:76,12
DA:80,4
DA:279,4
DA:297,6
DA:298,6
DA:299,8
DA:312,4
DA:313,0
DA:315,4
DA:316,0
DA:318,4
DA:321,4
DA:323,4
DA:324,4
DA:325,4
DA:327,4
DA:328,4
DA:330,2
DA:331,2
DA:332,2
DA:333,2
DA:334,2
DA:336,2
DA:337,2
DA:338,2
DA:339,2
DA:343,2
DA:346,2
DA:353,2
DA:358,6
DA:365,6
DA:366,6
DA:367,2
DA:368,2
DA:371,6
DA:372,0
DA:375,6
DA:377,0
DA:378,6
DA:379,0
DA:381,6
DA:382,6
DA:383,4
DA:384,0
DA:385,4
DA:386,4
DA:389,6
DA:393,6
DA:394,0
DA:395,0
DA:396,0
DA:397,0
DA:400,0
DA:402,6
DA:406,10
DA:410,2
DA:415,6
DA:417,0
DA:419,6
DA:422,0
DA:424,0
DA:430,6
DA:431,6
DA:432,0
DA:433,6
DA:434,6
DA:436,6
DA:440,6
DA:441,6
DA:443,6
DA:444,0
DA:446,6
DA:451,4
DA:452,4
LF:75
LH:59
BRDA:312,0,0,0
BRDA:312,0,1,4
BRDA:315,1,0,0
BRDA:315,1,1,4
BRDA:315,2,0,4
BRDA:315,2,1,4
BRDA:315,2,2,0
BRDA:323,3,0,4
BRDA:323,3,1,0
BRDA:333,4,0,2
BRDA:333,4,1,0
BRDA:333,5,0,2
BRDA:333,5,1,0
BRDA:366,6,0,2
BRDA:366,6,1,4
BRDA:371,7,0,0
BRDA:371,7,1,6
BRDA:375,8,0,0
BRDA:375,8,1,6
BRDA:378,9,0,0
BRDA:378,9,1,6
BRDA:383,10,0,0
BRDA:383,10,1,4
BRDA:385,11,0,4
BRDA:385,11,1,0
BRDA:393,12,0,0
BRDA:393,12,1,6
BRDA:396,13,0,0
BRDA:396,13,1,0
BRDA:415,14,0,0
BRDA:415,14,1,6
BRDA:415,15,0,6
BRDA:415,15,1,0
BRDA:415,15,2,0
BRDA:415,15,3,0
BRDA:419,16,0,0
BRDA:419,16,1,6
BRDA:419,17,0,6
BRDA:419,17,1,0
BRDA:419,17,2,0
BRDA:431,18,0,0
BRDA:431,18,1,6
BRDA:433,19,0,6
BRDA:433,19,1,0
BRDA:440,20,0,6
BRDA:440,20,1,0
BRDA:443,21,0,0
BRDA:443,21,1,6
BRF:48
BRH:23
end_of_record
TN:
SF:/opt/jenkins/workspace/master/nuxeo-elements-master/core/nuxeo-resource.js
FN:42,(anonymous_0)
FN:53,(anonymous_1)
FN:57,(anonymous_2)
FN:193,(anonymous_3)
FN:201,(anonymous_4)
FN:207,(anonymous_5)
FN:213,(anonymous_6)
FN:219,(anonymous_7)
FN:225,(anonymous_8)
FN:255,(anonymous_9)
FN:269,(anonymous_10)
FN:275,(anonymous_11)
FN:279,(anonymous_12)
FN:284,(anonymous_13)
FN:291,(anonymous_14)
FN:291,(anonymous_15)
FN:298,(anonymous_16)
FN:311,(anonymous_17)
FN:322,(anonymous_18)
FN:342,(anonymous_19)
FNF:20
FNH:15
FNDA:8,(anonymous_0)
FNDA:24,(anonymous_1)
FNDA:8,(anonymous_2)
FNDA:8,(anonymous_3)
FNDA:8,(anonymous_4)
FNDA:0,(anonymous_5)
FNDA:0,(anonymous_6)
FNDA:0,(anonymous_7)
FNDA:22,(anonymous_8)
FNDA:0,(anonymous_9)
FNDA:14,(anonymous_10)
FNDA:32,(anonymous_11)
FNDA:0,(anonymous_12)
FNDA:14,(anonymous_13)
FNDA:6,(anonymous_14)
FNDA:6,(anonymous_15)
FNDA:6,(anonymous_16)
FNDA:8,(anonymous_17)
FNDA:8,(anonymous_18)
FNDA:64,(anonymous_19)
DA:43,8
DA:54,24
DA:58,8
DA:194,8
DA:202,8
DA:203,8
DA:208,0
DA:209,0
DA:214,0
DA:215,0
DA:220,0
DA:221,0
DA:226,22
DA:227,22
DA:229,22
DA:230,0
DA:234,22
DA:235,0
DA:238,22
DA:240,22
DA:241,0
DA:244,22
DA:246,22
DA:248,22
DA:249,22
DA:250,22
DA:251,0
DA:253,22
DA:255,22
DA:256,0
DA:257,0
DA:258,0
DA:260,0
DA:266,22
DA:268,22
DA:269,22
DA:270,14
DA:271,14
DA:276,32
DA:277,0
DA:279,0
DA:285,14
DA:291,6
DA:292,6
DA:293,6
DA:295,0
DA:299,6
DA:306,6
DA:307,6
DA:308,6
DA:309,6
DA:312,8
DA:313,8
DA:314,8
DA:315,8
DA:316,0
DA:322,8
DA:323,8
DA:324,6
DA:325,6
DA:326,6
DA:327,6
DA:329,0
DA:332,2
DA:334,8
DA:337,0
DA:343,64
DA:347,8
DA:348,8
LF:69
LH:49
BRDA:227,0,0,22
BRDA:227,0,1,0
BRDA:229,1,0,0
BRDA:229,1,1,22
BRDA:229,2,0,22
BRDA:229,2,1,0
BRDA:234,3,0,0
BRDA:234,3,1,22
BRDA:234,4,0,22
BRDA:234,4,1,0
BRDA:238,5,0,22
BRDA:238,5,1,18
BRDA:240,6,0,0
BRDA:240,6,1,22
BRDA:248,7,0,22
BRDA:248,7,1,0
BRDA:250,8,0,0
BRDA:250,8,1,22
BRDA:257,9,0,0
BRDA:257,9,1,0
BRDA:268,10,0,22
BRDA:268,10,1,18
BRDA:276,11,0,0
BRDA:276,11,1,32
BRDA:276,12,0,32
BRDA:276,12,1,0
BRDA:288,13,0,0
BRDA:288,13,1,14
BRDA:293,14,0,6
BRDA:293,14,1,0
BRDA:314,15,0,8
BRDA:314,15,1,0
BRDA:315,16,0,0
BRDA:315,16,1,8
BRDA:323,17,0,6
BRDA:323,17,1,2
BRF:36
BRH:20
end_of_record
