TN:
SF:/opt/jenkins/workspace/master/nuxeo-elements-master/ui/nuxeo-document-preview.js
FN:44,(anonymous_0)
FN:138,(anonymous_1)
FN:142,(anonymous_2)
FN:162,(anonymous_3)
FN:168,(anonymous_4)
FN:173,(anonymous_5)
FN:186,(anonymous_6)
FN:203,(anonymous_7)
FN:221,(anonymous_8)
FN:229,(anonymous_9)
FN:239,(anonymous_10)
FN:242,(anonymous_11)
FN:254,(anonymous_12)
FN:258,(anonymous_13)
FN:279,(anonymous_14)
FN:286,(anonymous_15)
FN:292,(anonymous_16)
FN:307,(anonymous_17)
FN:321,(anonymous_18)
FNF:19
FNH:2
FNDA:0,(anonymous_0)
FNDA:2,(anonymous_1)
FNDA:2,(anonymous_2)
FNDA:0,(anonymous_3)
FNDA:0,(anonymous_4)
FNDA:0,(anonymous_5)
FNDA:0,(anonymous_6)
FNDA:0,(anonymous_7)
FNDA:0,(anonymous_8)
FNDA:0,(anonymous_9)
FNDA:0,(anonymous_10)
FNDA:0,(anonymous_11)
FNDA:0,(anonymous_12)
FNDA:0,(anonymous_13)
FNDA:0,(anonymous_14)
FNDA:0,(anonymous_15)
FNDA:0,(anonymous_16)
FNDA:0,(anonymous_17)
FNDA:0,(anonymous_18)
DA:45,0
DA:139,2
DA:143,2
DA:163,0
DA:169,0
DA:170,0
DA:174,0
DA:175,0
DA:176,0
DA:179,0
DA:180,0
DA:181,0
DA:182,0
DA:187,0
DA:189,0
DA:190,0
DA:196,0
DA:199,0
DA:205,0
DA:206,0
DA:210,0
DA:211,0
DA:212,0
DA:213,0
DA:214,0
DA:215,0
DA:218,0
DA:219,0
DA:220,0
DA:221,0
DA:222,0
DA:223,0
DA:224,0
DA:230,0
DA:231,0
DA:232,0
DA:234,0
DA:236,0
DA:240,0
DA:242,0
DA:243,0
DA:244,0
DA:247,0
DA:248,0
DA:249,0
DA:255,0
DA:257,0
DA:258,0
DA:259,0
DA:260,0
DA:266,0
DA:269,0
DA:270,0
DA:271,0
DA:280,0
DA:282,0
DA:287,0
DA:288,0
DA:293,0
DA:294,0
DA:295,0
DA:296,0
DA:298,0
DA:299,0
DA:300,0
DA:308,0
DA:309,0
DA:310,0
DA:311,0
DA:312,0
DA:314,0
DA:315,0
DA:316,0
DA:322,0
DA:326,2
DA:327,2
LF:76
LH:4
BRDA:175,0,0,0
BRDA:175,0,1,0
BRDA:180,1,0,0
BRDA:180,1,1,0
BRDA:187,2,0,0
BRDA:187,2,1,0
BRDA:189,3,0,0
BRDA:189,3,1,0
BRDA:189,4,0,0
BRDA:189,4,1,0
BRDA:196,5,0,0
BRDA:196,5,1,0
BRDA:215,6,0,0
BRDA:215,6,1,0
BRDA:215,7,0,0
BRDA:215,7,1,0
BRDA:215,7,2,0
BRDA:215,8,0,0
BRDA:215,8,1,0
BRDA:231,9,0,0
BRDA:231,9,1,0
BRDA:231,10,0,0
BRDA:231,10,1,0
BRDA:240,11,0,0
BRDA:240,11,1,0
BRDA:240,12,0,0
BRDA:240,12,1,0
BRDA:240,12,2,0
BRDA:240,12,3,0
BRDA:243,13,0,0
BRDA:243,13,1,0
BRDA:247,14,0,0
BRDA:247,14,1,0
BRDA:248,15,0,0
BRDA:248,15,1,0
BRDA:248,16,0,0
BRDA:248,16,1,0
BRDA:248,16,2,0
BRDA:255,17,0,0
BRDA:255,17,1,0
BRDA:255,18,0,0
BRDA:255,18,1,0
BRDA:255,18,2,0
BRDA:255,18,3,0
BRDA:259,19,0,0
BRDA:259,19,1,0
BRDA:259,20,0,0
BRDA:259,20,1,0
BRDA:259,20,2,0
BRDA:259,20,3,0
BRDA:269,21,0,0
BRDA:269,21,1,0
BRDA:270,22,0,0
BRDA:270,22,1,0
BRDA:270,23,0,0
BRDA:270,23,1,0
BRDA:270,23,2,0
BRDA:280,24,0,0
BRDA:280,24,1,0
BRDA:280,25,0,0
BRDA:280,25,1,0
BRDA:280,25,2,0
BRDA:280,25,3,0
BRDA:287,26,0,0
BRDA:287,26,1,0
BRDA:293,27,0,0
BRDA:293,27,1,0
BRDA:293,28,0,0
BRDA:293,28,1,0
BRDA:293,28,2,0
BRDA:295,29,0,0
BRDA:295,29,1,0
BRDA:299,30,0,0
BRDA:299,30,1,0
BRDA:308,31,0,0
BRDA:308,31,1,0
BRDA:310,32,0,0
BRDA:310,32,1,0
BRDA:310,33,0,0
BRDA:310,33,1,0
BRDA:315,34,0,0
BRDA:315,34,1,0
BRDA:315,35,0,0
BRDA:315,35,1,0
BRDA:322,36,0,0
BRDA:322,36,1,0
BRF:86
BRH:0
end_of_record
TN:
SF:/opt/jenkins/workspace/master/nuxeo-elements-master/ui/nuxeo-draggable-list-behavior.js
FN:95,(anonymous_0)
FN:115,(anonymous_1)
FN:136,(anonymous_2)
FN:158,(anonymous_3)
FN:171,(anonymous_4)
FN:203,(anonymous_5)
FN:207,(anonymous_6)
FN:213,(anonymous_7)
FNF:8
FNH:2
FNDA:0,(anonymous_0)
FNDA:0,(anonymous_1)
FNDA:0,(anonymous_2)
FNDA:0,(anonymous_3)
FNDA:0,(anonymous_4)
FNDA:2,(anonymous_5)
FNDA:2,(anonymous_6)
FNDA:0,(anonymous_7)
DA:21,2
DA:23,2
DA:56,2
DA:61,2
DA:76,2
DA:86,2
DA:93,2
DA:95,2
DA:97,0
DA:98,0
DA:101,0
DA:102,0
DA:104,0
DA:105,0
DA:106,0
DA:107,0
DA:109,0
DA:110,0
DA:112,0
DA:114,0
DA:115,0
DA:116,0
DA:117,0
DA:118,0
DA:120,0
DA:123,0
DA:125,0
DA:126,0
DA:127,0
DA:128,0
DA:130,0
DA:136,2
DA:138,0
DA:139,0
DA:140,0
DA:141,0
DA:142,0
DA:143,0
DA:146,0
DA:147,0
DA:148,0
DA:149,0
DA:150,0
DA:154,0
DA:158,2
DA:159,0
DA:161,0
DA:162,0
DA:164,0
DA:165,0
DA:171,0
DA:179,0
DA:184,0
DA:188,0
DA:189,0
DA:190,0
DA:191,0
DA:192,0
DA:193,0
DA:194,0
DA:195,0
DA:204,2
DA:208,2
DA:214,0
DA:215,0
DA:220,2
DA:221,2
LF:67
LH:14
BRDA:97,0,0,0
BRDA:97,0,1,0
BRDA:104,1,0,0
BRDA:104,1,1,0
BRDA:118,2,0,0
BRDA:118,2,1,0
BRDA:118,3,0,0
BRDA:118,3,1,0
BRDA:118,3,2,0
BRDA:118,3,3,0
BRDA:123,4,0,0
BRDA:123,4,1,0
BRDA:125,5,0,0
BRDA:125,5,1,0
BRDA:141,6,0,0
BRDA:141,6,1,0
BRDA:148,7,0,0
BRDA:148,7,1,0
BRDA:159,8,0,0
BRDA:159,8,1,0
BRDA:159,9,0,0
BRDA:159,9,1,0
BRDA:159,9,2,0
BRDA:162,10,0,0
BRDA:162,10,1,0
BRDA:192,11,0,0
BRDA:192,11,1,0
BRDA:194,12,0,0
BRDA:194,12,1,0
BRDA:194,13,0,0
BRDA:194,13,1,0
BRF:31
BRH:0
end_of_record
TN:
SF:/opt/jenkins/workspace/master/nuxeo-elements-master/ui/nuxeo-filter.js
FN:51,(anonymous_0)
FN:55,(anonymous_1)
FN:164,(anonymous_2)
FN:170,(anonymous_3)
FN:180,(anonymous_4)
FN:185,(anonymous_5)
FN:207,(anonymous_6)
FN:208,(anonymous_7)
FN:219,(anonymous_8)
FN:247,(anonymous_9)
FN:252,(anonymous_10)
FN:257,(anonymous_11)
FN:271,(anonymous_12)
FNF:13
FNH:13
FNDA:8,(anonymous_0)
FNDA:808,(anonymous_1)
FNDA:2,(anonymous_2)
FNDA:26,(anonymous_3)
FNDA:84,(anonymous_4)
FNDA:112,(anonymous_5)
FNDA:158,(anonymous_6)
FNDA:84,(anonymous_7)
FNDA:58,(anonymous_8)
FNDA:74,(anonymous_9)
FNDA:4,(anonymous_10)
FNDA:30,(anonymous_11)
FNDA:8,(anonymous_12)
DA:52,8
DA:56,808
DA:165,2
DA:171,26
DA:172,26
DA:173,26
DA:175,0
DA:181,84
DA:182,666
DA:183,666
DA:184,666
DA:185,112
DA:187,86
DA:188,86
DA:191,86
DA:192,86
DA:193,92
DA:194,60
DA:199,86
DA:200,26
DA:204,58
DA:208,158
DA:209,84
DA:210,58
DA:212,26
DA:216,158
DA:220,58
DA:221,0
DA:223,58
DA:224,58
DA:225,58
DA:226,58
DA:227,58
DA:228,56
DA:229,56
DA:230,56
DA:231,56
DA:232,504
DA:235,56
DA:236,6
DA:237,10
DA:240,56
DA:241,56
DA:242,56
DA:248,74
DA:249,74
DA:253,4
DA:254,4
DA:258,30
DA:259,8
DA:260,8
DA:262,8
DA:263,8
DA:264,24
DA:267,8
DA:272,8
DA:273,2
DA:279,2
DA:280,2
LF:59
LH:57
BRDA:184,0,0,86
BRDA:184,0,1,580
BRDA:184,1,0,666
BRDA:184,1,1,254
BRDA:187,2,0,56
BRDA:187,2,1,30
BRDA:193,3,0,60
BRDA:193,3,1,32
BRDA:199,4,0,26
BRDA:199,4,1,60
BRDA:209,5,0,58
BRDA:209,5,1,26
BRDA:220,6,0,0
BRDA:220,6,1,58
BRDA:224,7,0,58
BRDA:224,7,1,0
BRDA:227,8,0,56
BRDA:227,8,1,2
BRDA:235,9,0,6
BRDA:235,9,1,50
BRDA:235,10,0,56
BRDA:235,10,1,8
BRDA:258,11,0,8
BRDA:258,11,1,22
BRDA:260,12,0,8
BRDA:260,12,1,0
BRDA:260,13,0,8
BRDA:260,13,1,8
BRDA:263,14,0,32
BRDA:263,14,1,24
BRDA:272,15,0,2
BRDA:272,15,1,6
BRF:32
BRH:29
end_of_record
TN:
SF:/opt/jenkins/workspace/master/nuxeo-elements-master/ui/nuxeo-filters-behavior.js
FN:160,(anonymous_0)
FNF:1
FNH:1
FNDA:10,(anonymous_0)
DA:23,9
DA:29,8
DA:37,8
DA:45,8
DA:52,12
DA:53,12
DA:54,4
DA:56,8
DA:59,0
DA:66,0
DA:73,0
DA:80,26
DA:87,0
DA:94,4
DA:101,4
DA:108,8
DA:116,128
DA:123,8
DA:131,0
DA:138,0
DA:145,0
DA:152,0
DA:160,12
DA:167,0
DA:177,0
DA:185,0
LF:26
LH:15
BRDA:29,0,0,8
BRDA:29,0,1,8
BRDA:29,0,2,8
BRDA:29,0,3,8
BRDA:37,1,0,8
BRDA:37,1,1,8
BRDA:37,1,2,8
BRDA:37,1,3,8
BRDA:45,2,0,8
BRDA:45,2,1,0
BRDA:45,3,0,8
BRDA:45,3,1,8
BRDA:52,4,0,12
BRDA:52,4,1,0
BRDA:53,5,0,4
BRDA:53,5,1,8
BRDA:66,6,0,0
BRDA:66,6,1,0
BRDA:80,7,0,26
BRDA:80,7,1,26
BRDA:87,8,0,0
BRDA:87,8,1,0
BRDA:94,9,0,4
BRDA:94,9,1,4
BRDA:94,9,2,4
BRDA:108,10,0,8
BRDA:108,10,1,8
BRDA:116,11,0,128
BRDA:116,11,1,128
BRDA:116,11,2,120
BRDA:123,12,0,8
BRDA:123,12,1,8
BRDA:123,12,2,4
BRDA:123,12,3,4
BRDA:131,13,0,0
BRDA:131,13,1,0
BRDA:131,14,0,0
BRDA:131,14,1,0
BRDA:131,15,0,0
BRDA:131,15,1,0
BRDA:138,16,0,0
BRDA:138,16,1,0
BRDA:138,16,2,0
BRDA:138,16,3,0
BRDA:145,17,0,0
BRDA:145,17,1,0
BRDA:145,17,2,0
BRDA:152,18,0,0
BRDA:152,18,1,0
BRDA:152,18,2,0
BRDA:152,18,3,0
BRDA:160,19,0,12
BRDA:160,19,1,12
BRDA:160,19,2,12
BRDA:167,20,0,0
BRDA:167,20,1,0
BRDA:167,20,2,0
BRDA:167,20,3,0
BRDA:167,20,4,0
BRDA:177,21,0,0
BRDA:177,21,1,0
BRDA:177,21,2,0
BRDA:185,22,0,0
BRDA:185,22,1,0
BRDA:185,22,2,0
BRF:65
BRH:31
end_of_record
TN:
SF:/opt/jenkins/workspace/master/nuxeo-elements-master/ui/nuxeo-format-behavior.js
FNF:0
FNH:0
DA:26,2
DA:32,0
DA:33,0
DA:34,0
DA:35,0
DA:36,0
DA:37,0
DA:39,0
DA:44,0
DA:45,0
DA:46,0
DA:47,0
DA:49,0
DA:60,0
DA:73,0
DA:82,0
DA:83,0
DA:90,0
DA:91,0
DA:98,0
DA:100,0
DA:102,0
DA:110,0
DA:111,0
DA:112,0
DA:114,0
DA:115,0
DA:118,0
DA:123,0
DA:124,0
DA:125,0
DA:126,0
DA:128,0
DA:129,0
DA:131,0
DA:139,0
DA:140,0
DA:142,0
DA:143,0
DA:144,0
DA:151,0
DA:152,0
DA:159,0
DA:163,0
DA:174,0
DA:183,0
LF:46
LH:1
BRDA:32,0,0,0
BRDA:32,0,1,0
BRDA:32,1,0,0
BRDA:32,1,1,0
BRDA:34,2,0,0
BRDA:34,2,1,0
BRDA:36,3,0,0
BRDA:36,3,1,0
BRDA:44,4,0,0
BRDA:44,4,1,0
BRDA:46,5,0,0
BRDA:46,5,1,0
BRDA:46,6,0,0
BRDA:46,6,1,0
BRDA:60,7,0,0
BRDA:60,7,1,0
BRDA:60,7,2,0
BRDA:60,7,3,0
BRDA:60,7,4,0
BRDA:73,8,0,0
BRDA:73,8,1,0
BRDA:73,8,2,0
BRDA:73,8,3,0
BRDA:73,8,4,0
BRDA:82,9,0,0
BRDA:82,9,1,0
BRDA:90,10,0,0
BRDA:90,10,1,0
BRDA:98,11,0,0
BRDA:98,11,1,0
BRDA:98,12,0,0
BRDA:98,12,1,0
BRDA:98,12,2,0
BRDA:98,12,3,0
BRDA:110,13,0,0
BRDA:110,13,1,0
BRDA:110,14,0,0
BRDA:110,14,1,0
BRDA:110,14,2,0
BRDA:111,15,0,0
BRDA:111,15,1,0
BRDA:111,16,0,0
BRDA:111,16,1,0
BRDA:112,17,0,0
BRDA:112,17,1,0
BRDA:115,18,0,0
BRDA:115,18,1,0
BRDA:115,19,0,0
BRDA:115,19,1,0
BRDA:125,20,0,0
BRDA:125,20,1,0
BRDA:128,21,0,0
BRDA:128,21,1,0
BRDA:128,22,0,0
BRDA:128,22,1,0
BRDA:128,22,2,0
BRDA:139,23,0,0
BRDA:139,23,1,0
BRDA:144,24,0,0
BRDA:144,24,1,0
BRDA:152,25,0,0
BRDA:152,25,1,0
BRDA:163,26,0,0
BRDA:163,26,1,0
BRDA:174,27,0,0
BRDA:174,27,1,0
BRDA:183,28,0,0
BRDA:183,28,1,0
BRF:68
BRH:0
end_of_record
TN:
SF:/opt/jenkins/workspace/master/nuxeo-elements-master/ui/nuxeo-i18n-behavior.js
FN:43,(anonymous_0)
FN:57,(anonymous_1)
FN:58,(anonymous_2)
FN:62,(anonymous_3)
FN:68,XHRLocaleResolver
FN:69,(anonymous_5)
FN:70,(anonymous_6)
FN:76,loadLang
FN:80,(anonymous_8)
FN:93,(anonymous_9)
FNF:10
FNH:1
FNDA:241,(anonymous_0)
FNDA:0,(anonymous_1)
FNDA:0,(anonymous_2)
FNDA:0,(anonymous_3)
FNDA:0,XHRLocaleResolver
FNDA:0,(anonymous_5)
FNDA:0,(anonymous_6)
FNDA:0,loadLang
FNDA:0,(anonymous_8)
FNDA:0,(anonymous_9)
DA:36,19
DA:37,19
DA:43,19
DA:44,241
DA:45,241
DA:46,241
DA:47,241
DA:48,241
DA:49,0
DA:51,241
DA:57,19
DA:58,0
DA:60,0
DA:61,0
DA:69,0
DA:70,0
DA:72,0
DA:73,0
DA:75,0
DA:77,0
DA:78,0
DA:79,0
DA:80,0
DA:81,0
DA:82,0
DA:83,0
DA:84,0
DA:85,0
DA:86,0
DA:87,0
DA:88,0
DA:89,0
DA:93,0
DA:94,0
DA:96,0
DA:98,0
DA:99,0
DA:109,19
DA:118,150
DA:124,150
DA:125,150
DA:129,152
DA:130,152
DA:135,0
LF:44
LH:16
BRDA:36,0,0,19
BRDA:36,0,1,17
BRDA:37,1,0,19
BRDA:37,1,1,19
BRDA:43,2,0,19
BRDA:43,2,1,19
BRDA:44,3,0,241
BRDA:44,3,1,241
BRDA:46,4,0,241
BRDA:46,4,1,0
BRDA:46,4,2,241
BRDA:58,5,0,0
BRDA:58,5,1,0
BRDA:72,6,0,0
BRDA:72,6,1,0
BRDA:75,7,0,0
BRDA:75,7,1,0
BRDA:81,8,0,0
BRDA:81,8,1,0
BRDA:82,9,0,0
BRDA:82,9,1,0
BRDA:86,10,0,0
BRDA:86,10,1,0
BRDA:86,11,0,0
BRDA:86,11,1,0
BRDA:98,12,0,0
BRDA:98,12,1,0
BRF:27
BRH:10
end_of_record
TN:
SF:/opt/jenkins/workspace/master/nuxeo-elements-master/ui/nuxeo-icons.js
FNF:0
FNH:0
DA:4,15
DA:6,15
DA:356,15
LF:3
LH:3
BRF:0
BRH:0
end_of_record
TN:
SF:/opt/jenkins/workspace/master/nuxeo-elements-master/ui/nuxeo-page-provider-display-behavior.js
FN:263,(anonymous_0)
FN:295,(anonymous_1)
FN:317,(anonymous_2)
FN:374,(anonymous_3)
FN:526,(anonymous_4)
FN:561,(anonymous_5)
FN:580,(anonymous_6)
FN:623,(anonymous_7)
FN:632,(anonymous_8)
FN:659,(anonymous_9)
FNF:10
FNH:1
FNDA:0,(anonymous_0)
FNDA:0,(anonymous_1)
FNDA:0,(anonymous_2)
FNDA:0,(anonymous_3)
FNDA:0,(anonymous_4)
FNDA:0,(anonymous_5)
FNDA:2,(anonymous_6)
FNDA:0,(anonymous_7)
FNDA:0,(anonymous_8)
FNDA:0,(anonymous_9)
DA:27,2
DA:100,2
DA:204,2
DA:205,2
DA:206,2
DA:207,2
DA:211,4
DA:212,2
DA:214,2
DA:215,0
DA:217,2
DA:218,2
DA:219,2
DA:220,2
DA:225,4
DA:229,6
DA:233,0
DA:234,0
DA:239,2
DA:240,2
DA:245,12
DA:249,0
DA:250,0
DA:251,0
DA:254,0
DA:255,0
DA:258,0
DA:259,0
DA:260,0
DA:263,0
DA:266,0
DA:267,0
DA:268,0
DA:269,0
DA:270,0
DA:275,0
DA:280,0
DA:281,0
DA:282,0
DA:287,0
DA:288,0
DA:289,0
DA:294,0
DA:295,0
DA:296,0
DA:298,0
DA:303,0
DA:304,0
DA:305,0
DA:310,0
DA:311,0
DA:312,0
DA:317,0
DA:318,0
DA:320,0
DA:324,0
DA:325,0
DA:329,8
DA:333,0
DA:334,0
DA:336,0
DA:341,2
DA:342,2
DA:343,2
DA:344,2
DA:345,2
DA:346,2
DA:351,0
DA:352,0
DA:353,0
DA:354,0
DA:355,0
DA:356,0
DA:358,0
DA:360,0
DA:361,0
DA:364,0
DA:365,0
DA:372,0
DA:373,0
DA:374,0
DA:375,0
DA:378,0
DA:379,0
DA:380,0
DA:381,0
DA:382,0
DA:389,0
DA:390,0
DA:391,0
DA:392,0
DA:393,0
DA:394,0
DA:396,0
DA:398,0
DA:399,0
DA:403,0
DA:404,0
DA:411,0
DA:412,0
DA:415,0
DA:416,0
DA:417,0
DA:418,0
DA:419,0
DA:420,0
DA:422,0
DA:424,0
DA:430,0
DA:434,0
DA:438,0
DA:439,0
DA:444,2
DA:448,0
DA:452,6
DA:453,4
DA:454,4
DA:457,4
DA:460,4
DA:461,4
DA:464,2
DA:473,2
DA:477,2
DA:478,0
DA:480,2
DA:481,2
DA:482,0
DA:483,0
DA:484,0
DA:486,0
DA:488,2
DA:489,2
DA:490,2
DA:499,0
DA:500,0
DA:502,0
DA:512,0
DA:513,0
DA:516,0
DA:517,0
DA:518,0
DA:519,0
DA:522,0
DA:523,0
DA:525,0
DA:526,0
DA:527,0
DA:528,0
DA:530,0
DA:533,0
DA:544,2
DA:546,2
DA:547,2
DA:550,2
DA:551,0
DA:552,0
DA:553,2
DA:554,0
DA:555,0
DA:556,0
DA:560,2
DA:561,0
DA:562,0
DA:563,0
DA:564,0
DA:566,0
DA:568,0
DA:569,0
DA:574,2
DA:575,2
DA:576,2
DA:577,2
DA:580,2
DA:581,2
DA:582,0
DA:587,2
DA:589,0
DA:590,2
DA:591,0
DA:593,2
DA:595,2
DA:596,2
DA:597,0
DA:600,2
DA:601,2
DA:605,2
DA:606,2
DA:607,80
DA:608,8
DA:610,8
DA:612,8
DA:613,0
DA:619,2
DA:622,2
DA:623,0
DA:626,2
DA:627,2
DA:628,0
DA:629,0
DA:630,0
DA:631,0
DA:632,0
DA:633,0
DA:634,0
DA:636,0
DA:637,0
DA:638,0
DA:640,0
DA:641,0
DA:646,0
DA:649,2
DA:653,0
DA:657,0
DA:659,0
DA:664,0
LF:215
LH:70
BRDA:211,0,0,2
BRDA:211,0,1,2
BRDA:212,1,0,0
BRDA:212,1,1,2
BRDA:214,2,0,0
BRDA:214,2,1,2
BRDA:217,3,0,2
BRDA:217,3,1,0
BRDA:229,4,0,6
BRDA:229,4,1,6
BRDA:233,5,0,0
BRDA:233,5,1,0
BRDA:239,6,0,2
BRDA:239,6,1,0
BRDA:245,7,0,12
BRDA:245,7,1,12
BRDA:250,8,0,0
BRDA:250,8,1,0
BRDA:251,9,0,0
BRDA:251,9,1,0
BRDA:251,10,0,0
BRDA:251,10,1,0
BRDA:254,11,0,0
BRDA:254,11,1,0
BRDA:254,12,0,0
BRDA:254,12,1,0
BRDA:259,13,0,0
BRDA:259,13,1,0
BRDA:260,14,0,0
BRDA:260,14,1,0
BRDA:263,15,0,0
BRDA:263,15,1,0
BRDA:266,16,0,0
BRDA:266,16,1,0
BRDA:269,17,0,0
BRDA:269,17,1,0
BRDA:269,18,0,0
BRDA:269,18,1,0
BRDA:280,19,0,0
BRDA:280,19,1,0
BRDA:287,20,0,0
BRDA:287,20,1,0
BRDA:294,21,0,0
BRDA:294,21,1,0
BRDA:294,22,0,0
BRDA:294,22,1,0
BRDA:294,22,2,0
BRDA:303,23,0,0
BRDA:303,23,1,0
BRDA:310,24,0,0
BRDA:310,24,1,0
BRDA:329,25,0,8
BRDA:329,25,1,8
BRDA:329,25,2,0
BRDA:333,26,0,0
BRDA:333,26,1,0
BRDA:344,27,0,2
BRDA:344,27,1,0
BRDA:344,28,0,2
BRDA:344,28,1,2
BRDA:351,29,0,0
BRDA:351,29,1,0
BRDA:354,30,0,0
BRDA:354,30,1,0
BRDA:355,31,0,0
BRDA:355,31,1,0
BRDA:364,32,0,0
BRDA:364,32,1,0
BRDA:373,33,0,0
BRDA:373,33,1,0
BRDA:373,34,0,0
BRDA:373,34,1,0
BRDA:378,35,0,0
BRDA:378,35,1,0
BRDA:381,36,0,0
BRDA:381,36,1,0
BRDA:389,37,0,0
BRDA:389,37,1,0
BRDA:392,38,0,0
BRDA:392,38,1,0
BRDA:393,39,0,0
BRDA:393,39,1,0
BRDA:403,40,0,0
BRDA:403,40,1,0
BRDA:403,41,0,0
BRDA:403,41,1,0
BRDA:411,42,0,0
BRDA:411,42,1,0
BRDA:415,43,0,0
BRDA:415,43,1,0
BRDA:415,44,0,0
BRDA:415,44,1,0
BRDA:418,45,0,0
BRDA:418,45,1,0
BRDA:419,46,0,0
BRDA:419,46,1,0
BRDA:419,47,0,0
BRDA:419,47,1,0
BRDA:438,48,0,0
BRDA:438,48,1,0
BRDA:452,49,0,4
BRDA:452,49,1,2
BRDA:453,50,0,0
BRDA:453,50,1,4
BRDA:453,51,0,4
BRDA:453,51,1,4
BRDA:454,52,0,4
BRDA:454,52,1,2
BRDA:454,52,2,0
BRDA:457,53,0,4
BRDA:457,53,1,2
BRDA:457,53,2,0
BRDA:461,54,0,0
BRDA:461,54,1,4
BRDA:461,55,0,4
BRDA:461,55,1,4
BRDA:477,56,0,0
BRDA:477,56,1,2
BRDA:477,57,0,2
BRDA:477,57,1,2
BRDA:477,57,2,0
BRDA:481,58,0,0
BRDA:481,58,1,2
BRDA:481,59,0,2
BRDA:481,59,1,0
BRDA:499,60,0,0
BRDA:499,60,1,0
BRDA:512,61,0,0
BRDA:512,61,1,0
BRDA:514,62,0,0
BRDA:514,62,1,0
BRDA:516,63,0,0
BRDA:516,63,1,0
BRDA:518,64,0,0
BRDA:518,64,1,0
BRDA:522,65,0,0
BRDA:522,65,1,0
BRDA:544,66,0,2
BRDA:544,66,1,0
BRDA:546,67,0,2
BRDA:546,67,1,0
BRDA:550,68,0,0
BRDA:550,68,1,2
BRDA:550,69,0,2
BRDA:550,69,1,2
BRDA:553,70,0,0
BRDA:553,70,1,2
BRDA:555,71,0,0
BRDA:555,71,1,0
BRDA:560,72,0,0
BRDA:560,72,1,2
BRDA:560,73,0,2
BRDA:560,73,1,0
BRDA:560,73,2,0
BRDA:562,74,0,0
BRDA:562,74,1,0
BRDA:562,75,0,0
BRDA:562,75,1,0
BRDA:562,75,2,0
BRDA:568,76,0,0
BRDA:568,76,1,0
BRDA:581,77,0,0
BRDA:581,77,1,2
BRDA:587,78,0,0
BRDA:587,78,1,2
BRDA:589,79,0,0
BRDA:589,79,1,0
BRDA:590,80,0,0
BRDA:590,80,1,2
BRDA:590,81,0,2
BRDA:590,81,1,0
BRDA:595,82,0,2
BRDA:595,82,1,0
BRDA:596,83,0,0
BRDA:596,83,1,2
BRDA:600,84,0,2
BRDA:600,84,1,0
BRDA:600,85,0,2
BRDA:600,85,1,0
BRDA:607,86,0,8
BRDA:607,86,1,72
BRDA:612,87,0,0
BRDA:612,87,1,8
BRDA:622,88,0,0
BRDA:622,88,1,2
BRDA:627,89,0,0
BRDA:627,89,1,2
BRDA:627,90,0,2
BRDA:627,90,1,0
BRDA:629,91,0,0
BRDA:629,91,1,0
BRDA:629,92,0,0
BRDA:629,92,1,0
BRDA:634,93,0,0
BRDA:634,93,1,0
BRDA:634,94,0,0
BRDA:634,94,1,0
BRDA:634,94,2,0
BRDA:634,94,3,0
BRDA:637,95,0,0
BRDA:637,95,1,0
BRDA:637,96,0,0
BRDA:637,96,1,0
BRDA:640,97,0,0
BRDA:640,97,1,0
BRDA:640,98,0,0
BRDA:640,98,1,0
BRDA:658,99,0,0
BRDA:658,99,1,0
BRF:209
BRH:54
end_of_record
TN:
SF:/opt/jenkins/workspace/master/nuxeo-elements-master/ui/nuxeo-routing-behavior.js
FN:73,(anonymous_0)
FN:97,(anonymous_1)
FNF:2
FNH:0
FNDA:0,(anonymous_0)
FNDA:0,(anonymous_1)
DA:24,2
DA:31,2
DA:46,2
DA:48,2
DA:50,2
DA:54,2
DA:58,2
DA:63,0
DA:64,0
DA:65,0
DA:73,0
DA:74,0
DA:75,0
DA:76,0
DA:77,0
DA:78,0
DA:80,0
DA:81,0
DA:82,0
DA:84,0
DA:85,0
DA:97,0
DA:98,0
DA:99,0
DA:100,0
DA:101,0
DA:102,0
DA:104,0
DA:105,0
DA:107,0
DA:108,0
DA:110,0
LF:32
LH:7
BRDA:58,0,0,2
BRDA:58,0,1,2
BRDA:63,1,0,0
BRDA:63,1,1,0
BRDA:63,2,0,0
BRDA:63,2,1,0
BRDA:74,3,0,0
BRDA:74,3,1,0
BRDA:76,4,0,0
BRDA:76,4,1,0
BRDA:77,5,0,0
BRDA:77,5,1,0
BRDA:80,6,0,0
BRDA:80,6,1,0
BRDA:85,7,0,0
BRDA:85,7,1,0
BRDA:86,8,0,0
BRDA:86,8,1,0
BRDA:98,9,0,0
BRDA:98,9,1,0
BRDA:100,10,0,0
BRDA:100,10,1,0
BRDA:101,11,0,0
BRDA:101,11,1,0
BRDA:104,12,0,0
BRDA:104,12,1,0
BRF:26
BRH:2
end_of_record
TN:
SF:/opt/jenkins/workspace/master/nuxeo-elements-master/ui/nuxeo-slots.js
FN:28,_getRegistry
FN:33,_same
FN:39,_registerContent
FN:42,(anonymous_3)
FN:56,(anonymous_4)
FN:57,(anonymous_5)
FN:60,_unregisterContent
FN:62,(anonymous_7)
FN:65,(anonymous_8)
FN:73,(anonymous_9)
FN:75,(anonymous_10)
FN:75,(anonymous_11)
FN:96,(anonymous_12)
FN:100,(anonymous_13)
FN:131,(anonymous_14)
FN:137,(anonymous_15)
FN:142,(anonymous_16)
FN:147,(anonymous_17)
FN:154,(anonymous_18)
FN:159,(anonymous_19)
FN:163,(anonymous_20)
FN:175,(anonymous_21)
FN:180,(anonymous_22)
FN:188,(anonymous_23)
FN:189,(anonymous_24)
FN:198,(anonymous_25)
FN:201,(anonymous_26)
FN:211,(anonymous_27)
FN:213,(anonymous_28)
FN:221,(anonymous_29)
FN:222,(anonymous_30)
FN:230,(anonymous_31)
FN:234,(anonymous_32)
FN:262,(anonymous_33)
FN:266,(anonymous_34)
FN:304,(anonymous_35)
FN:310,(anonymous_36)
FN:315,(anonymous_37)
FN:319,(anonymous_38)
FN:326,(anonymous_39)
FN:333,(anonymous_40)
FN:334,(anonymous_41)
FN:339,(anonymous_42)
FN:340,(anonymous_43)
FNF:44
FNH:44
FNDA:298,_getRegistry
FNDA:100,_same
FNDA:86,_registerContent
FNDA:68,(anonymous_3)
FNDA:16,(anonymous_4)
FNDA:86,(anonymous_5)
FNDA:38,_unregisterContent
FNDA:32,(anonymous_7)
FNDA:8,(anonymous_8)
FNDA:4,(anonymous_9)
FNDA:8,(anonymous_10)
FNDA:8,(anonymous_11)
FNDA:24,(anonymous_12)
FNDA:6,(anonymous_13)
FNDA:6,(anonymous_14)
FNDA:38,(anonymous_15)
FNDA:38,(anonymous_16)
FNDA:38,(anonymous_17)
FNDA:38,(anonymous_18)
FNDA:60,(anonymous_19)
FNDA:20,(anonymous_20)
FNDA:60,(anonymous_21)
FNDA:46,(anonymous_22)
FNDA:2,(anonymous_23)
FNDA:4,(anonymous_24)
FNDA:132,(anonymous_25)
FNDA:60,(anonymous_26)
FNDA:42,(anonymous_27)
FNDA:12,(anonymous_28)
FNDA:8,(anonymous_29)
FNDA:8,(anonymous_30)
FNDA:20,(anonymous_31)
FNDA:10,(anonymous_32)
FNDA:24,(anonymous_33)
FNDA:6,(anonymous_34)
FNDA:6,(anonymous_35)
FNDA:38,(anonymous_36)
FNDA:98,(anonymous_37)
FNDA:10,(anonymous_38)
FNDA:40,(anonymous_39)
FNDA:86,(anonymous_40)
FNDA:86,(anonymous_41)
FNDA:38,(anonymous_42)
FNDA:38,(anonymous_43)
DA:26,6
DA:29,298
DA:30,298
DA:34,100
DA:35,100
DA:36,100
DA:40,86
DA:42,86
DA:43,86
DA:45,56
DA:47,52
DA:48,42
DA:50,10
DA:54,30
DA:56,86
DA:57,86
DA:61,38
DA:62,38
DA:63,38
DA:64,28
DA:65,28
DA:70,6
DA:71,6
DA:72,6
DA:73,6
DA:74,4
DA:75,8
DA:76,8
DA:97,24
DA:101,6
DA:116,38
DA:132,6
DA:138,38
DA:139,38
DA:143,38
DA:144,38
DA:148,38
DA:149,0
DA:151,38
DA:155,38
DA:156,38
DA:160,60
DA:161,38
DA:163,22
DA:164,20
DA:165,20
DA:167,20
DA:168,20
DA:169,20
DA:177,60
DA:179,60
DA:180,60
DA:181,46
DA:182,46
DA:183,40
DA:184,40
DA:187,40
DA:188,40
DA:189,40
DA:190,40
DA:191,40
DA:192,40
DA:195,60
DA:199,132
DA:202,60
DA:203,60
DA:207,132
DA:212,42
DA:213,42
DA:214,12
DA:217,0
DA:222,8
DA:223,8
DA:231,20
DA:232,8
DA:234,12
DA:235,10
DA:240,6
DA:241,6
DA:263,24
DA:267,6
DA:305,6
DA:311,38
DA:312,38
DA:316,98
DA:320,10
DA:321,10
DA:322,10
DA:323,10
DA:327,40
DA:328,0
DA:330,40
DA:334,86
DA:335,86
DA:340,38
DA:341,38
DA:347,6
DA:348,6
LF:98
LH:95
BRDA:29,0,0,298
BRDA:29,0,1,8
BRDA:36,1,0,100
BRDA:36,1,1,100
BRDA:36,1,2,100
BRDA:43,2,0,56
BRDA:43,2,1,30
BRDA:45,3,0,52
BRDA:45,3,1,4
BRDA:47,4,0,42
BRDA:47,4,1,10
BRDA:63,5,0,28
BRDA:63,5,1,10
BRDA:71,6,0,6
BRDA:71,6,1,6
BRDA:72,7,0,6
BRDA:72,7,1,6
BRDA:75,8,0,8
BRDA:75,8,1,8
BRDA:75,8,2,8
BRDA:148,9,0,0
BRDA:148,9,1,38
BRDA:160,10,0,38
BRDA:160,10,1,22
BRDA:165,11,0,20
BRDA:165,11,1,0
BRDA:165,12,0,20
BRDA:165,12,1,20
BRDA:168,13,0,40
BRDA:168,13,1,20
BRDA:182,14,0,40
BRDA:182,14,1,6
BRDA:182,15,0,46
BRDA:182,15,1,42
BRDA:212,16,0,42
BRDA:212,16,1,0
BRDA:231,17,0,8
BRDA:231,17,1,12
BRDA:327,18,0,0
BRDA:327,18,1,40
BRF:40
BRH:36
end_of_record
TN:
SF:/opt/jenkins/workspace/master/nuxeo-elements-master/ui/actions/nuxeo-action-button-styles.js
FNF:0
FNH:0
DA:32,9
DA:34,9
DA:55,9
LF:3
LH:3
BRF:0
BRH:0
end_of_record
TN:
SF:/opt/jenkins/workspace/master/nuxeo-elements-master/ui/actions/nuxeo-favorites-toggle-button.js
FN:46,(anonymous_0)
FN:69,(anonymous_1)
FN:73,(anonymous_2)
FN:112,(anonymous_3)
FN:114,(anonymous_4)
FN:123,(anonymous_5)
FN:129,(anonymous_6)
FN:133,(anonymous_7)
FN:135,(anonymous_8)
FN:144,(anonymous_9)
FN:155,(anonymous_10)
FN:159,(anonymous_11)
FNF:12
FNH:12
FNDA:2,(anonymous_0)
FNDA:6,(anonymous_1)
FNDA:2,(anonymous_2)
FNDA:8,(anonymous_3)
FNDA:2,(anonymous_4)
FNDA:8,(anonymous_5)
FNDA:8,(anonymous_6)
FNDA:4,(anonymous_7)
FNDA:2,(anonymous_8)
FNDA:2,(anonymous_9)
FNDA:20,(anonymous_10)
FNDA:8,(anonymous_11)
DA:47,2
DA:70,6
DA:74,2
DA:113,8
DA:114,8
DA:115,2
DA:116,0
DA:119,8
DA:120,8
DA:124,8
DA:125,8
DA:126,8
DA:130,8
DA:134,4
DA:135,2
DA:136,2
DA:141,2
DA:144,2
DA:145,2
DA:150,2
DA:156,20
DA:160,8
DA:164,2
DA:165,2
LF:24
LH:23
BRDA:115,0,0,0
BRDA:115,0,1,2
BRDA:115,1,0,2
BRDA:115,1,1,2
BRDA:115,1,2,0
BRDA:134,2,0,2
BRDA:134,2,1,2
BRDA:156,3,0,20
BRDA:156,3,1,20
BRDA:156,4,0,6
BRDA:156,4,1,14
BRF:11
BRH:9
end_of_record
TN:
SF:/opt/jenkins/workspace/master/nuxeo-elements-master/ui/actions/nuxeo-lock-toggle-button.js
FN:49,(anonymous_0)
FN:84,(anonymous_1)
FN:88,(anonymous_2)
FN:136,(anonymous_3)
FN:141,(anonymous_4)
FN:146,(anonymous_5)
FN:148,(anonymous_6)
FN:157,(anonymous_7)
FN:168,(anonymous_8)
FN:179,(anonymous_9)
FN:183,(anonymous_10)
FN:187,(anonymous_11)
FN:191,(anonymous_12)
FN:192,(anonymous_13)
FN:202,(anonymous_14)
FN:203,(anonymous_15)
FNF:16
FNH:16
FNDA:1,(anonymous_0)
FNDA:3,(anonymous_1)
FNDA:1,(anonymous_2)
FNDA:4,(anonymous_3)
FNDA:4,(anonymous_4)
FNDA:2,(anonymous_5)
FNDA:1,(anonymous_6)
FNDA:1,(anonymous_7)
FNDA:10,(anonymous_8)
FNDA:10,(anonymous_9)
FNDA:6,(anonymous_10)
FNDA:4,(anonymous_11)
FNDA:1,(anonymous_12)
FNDA:1,(anonymous_13)
FNDA:1,(anonymous_14)
FNDA:1,(anonymous_15)
DA:50,1
DA:85,3
DA:89,1
DA:137,4
DA:138,4
DA:142,4
DA:147,2
DA:148,1
DA:149,1
DA:150,1
DA:156,1
DA:157,1
DA:158,1
DA:159,1
DA:169,10
DA:170,0
DA:175,10
DA:180,10
DA:184,6
DA:188,4
DA:192,1
DA:193,1
DA:194,0
DA:196,1
DA:203,1
DA:204,1
DA:205,0
DA:207,1
DA:218,1
DA:219,1
LF:30
LH:27
BRDA:142,0,0,4
BRDA:142,0,1,4
BRDA:142,0,2,4
BRDA:142,0,3,0
BRDA:142,0,4,0
BRDA:147,1,0,1
BRDA:147,1,1,1
BRDA:147,2,0,2
BRDA:147,2,1,1
BRDA:156,3,0,1
BRDA:156,3,1,0
BRDA:169,4,0,0
BRDA:169,4,1,10
BRDA:169,5,0,10
BRDA:169,5,1,3
BRDA:169,5,2,0
BRDA:175,6,0,3
BRDA:175,6,1,7
BRDA:180,7,0,3
BRDA:180,7,1,7
BRDA:184,8,0,3
BRDA:184,8,1,3
BRDA:188,9,0,4
BRDA:188,9,1,4
BRDA:193,10,0,0
BRDA:193,10,1,1
BRDA:193,11,0,1
BRDA:193,11,1,1
BRDA:196,12,0,1
BRDA:196,12,1,0
BRDA:196,12,2,0
BRDA:204,13,0,0
BRDA:204,13,1,1
BRDA:207,14,0,1
BRDA:207,14,1,1
BRDA:207,15,0,1
BRDA:207,15,1,0
BRDA:207,16,0,1
BRDA:207,16,1,0
BRDA:210,17,0,0
BRDA:210,17,1,0
BRF:41
BRH:28
end_of_record
TN:
SF:/opt/jenkins/workspace/master/nuxeo-elements-master/ui/actions/nuxeo-move-documents-down-button.js
FN:37,(anonymous_0)
FN:65,(anonymous_1)
FN:69,(anonymous_2)
FN:103,(anonymous_3)
FN:109,(anonymous_4)
FN:114,(anonymous_5)
FN:115,(anonymous_6)
FN:126,(anonymous_7)
FN:135,(anonymous_8)
FN:141,(anonymous_9)
FN:157,(anonymous_10)
FN:185,(anonymous_11)
FN:190,(anonymous_12)
FN:194,(anonymous_13)
FNF:14
FNH:13
FNDA:2,(anonymous_0)
FNDA:6,(anonymous_1)
FNDA:2,(anonymous_2)
FNDA:2,(anonymous_3)
FNDA:12,(anonymous_4)
FNDA:6,(anonymous_5)
FNDA:6,(anonymous_6)
FNDA:0,(anonymous_7)
FNDA:12,(anonymous_8)
FNDA:29,(anonymous_9)
FNDA:34,(anonymous_10)
FNDA:4,(anonymous_11)
FNDA:12,(anonymous_12)
FNDA:10,(anonymous_13)
DA:38,2
DA:66,6
DA:70,2
DA:104,2
DA:110,12
DA:111,12
DA:115,6
DA:116,6
DA:117,8
DA:118,8
DA:120,6
DA:121,6
DA:127,0
DA:136,12
DA:137,12
DA:139,12
DA:140,12
DA:141,12
DA:142,29
DA:143,29
DA:144,29
DA:145,0
DA:147,29
DA:150,0
DA:154,0
DA:157,12
DA:158,34
DA:159,22
DA:160,12
DA:162,10
DA:163,10
DA:166,12
DA:168,12
DA:169,8
DA:170,2
DA:172,6
DA:173,6
DA:174,6
DA:176,4
DA:177,4
DA:178,0
DA:179,0
DA:181,4
DA:182,4
DA:185,10
DA:186,10
DA:191,12
DA:195,10
DA:199,2
DA:200,2
LF:50
LH:44
BRDA:137,0,0,12
BRDA:137,0,1,0
BRDA:137,1,0,12
BRDA:137,1,1,12
BRDA:144,2,0,0
BRDA:144,2,1,29
BRDA:144,3,0,29
BRDA:144,3,1,29
BRDA:158,4,0,22
BRDA:158,4,1,12
BRDA:159,5,0,12
BRDA:159,5,1,10
BRDA:168,6,0,8
BRDA:168,6,1,4
BRDA:169,7,0,2
BRDA:169,7,1,6
BRDA:177,8,0,0
BRDA:177,8,1,4
BRDA:195,9,0,6
BRDA:195,9,1,4
BRF:20
BRH:17
end_of_record
TN:
SF:/opt/jenkins/workspace/master/nuxeo-elements-master/ui/actions/nuxeo-move-documents-up-button.js
FN:37,(anonymous_0)
FN:65,(anonymous_1)
FN:69,(anonymous_2)
FN:103,(anonymous_3)
FN:109,(anonymous_4)
FN:114,(anonymous_5)
FN:115,(anonymous_6)
FN:126,(anonymous_7)
FN:135,(anonymous_8)
FN:141,(anonymous_9)
FN:158,(anonymous_10)
FN:183,(anonymous_11)
FNF:12
FNH:11
FNDA:2,(anonymous_0)
FNDA:6,(anonymous_1)
FNDA:2,(anonymous_2)
FNDA:2,(anonymous_3)
FNDA:12,(anonymous_4)
FNDA:6,(anonymous_5)
FNDA:6,(anonymous_6)
FNDA:0,(anonymous_7)
FNDA:12,(anonymous_8)
FNDA:22,(anonymous_9)
FNDA:26,(anonymous_10)
FNDA:12,(anonymous_11)
DA:38,2
DA:66,6
DA:70,2
DA:104,2
DA:110,12
DA:111,12
DA:115,6
DA:116,6
DA:117,12
DA:118,12
DA:120,6
DA:121,6
DA:127,0
DA:136,12
DA:137,12
DA:139,12
DA:140,12
DA:141,12
DA:142,22
DA:143,22
DA:144,22
DA:145,0
DA:147,22
DA:150,0
DA:155,0
DA:158,12
DA:159,26
DA:160,14
DA:161,4
DA:163,10
DA:164,10
DA:167,12
DA:169,12
DA:170,8
DA:171,2
DA:173,6
DA:174,6
DA:176,4
DA:178,10
DA:179,10
DA:184,12
DA:188,2
DA:189,2
LF:43
LH:39
BRDA:137,0,0,12
BRDA:137,0,1,0
BRDA:137,1,0,12
BRDA:137,1,1,12
BRDA:144,2,0,0
BRDA:144,2,1,22
BRDA:144,3,0,22
BRDA:144,3,1,22
BRDA:159,4,0,14
BRDA:159,4,1,12
BRDA:160,5,0,4
BRDA:160,5,1,10
BRDA:169,6,0,8
BRDA:169,6,1,4
BRDA:170,7,0,2
BRDA:170,7,1,6
BRF:16
BRH:14
end_of_record
TN:
SF:/opt/jenkins/workspace/master/nuxeo-elements-master/ui/actions/nuxeo-notifications-toggle-button.js
FN:47,(anonymous_0)
FN:70,(anonymous_1)
FN:74,(anonymous_2)
FN:113,(anonymous_3)
FN:115,(anonymous_4)
FN:124,(anonymous_5)
FN:130,(anonymous_6)
FN:134,(anonymous_7)
FN:136,(anonymous_8)
FN:145,(anonymous_9)
FN:156,(anonymous_10)
FN:160,(anonymous_11)
FNF:12
FNH:12
FNDA:2,(anonymous_0)
FNDA:6,(anonymous_1)
FNDA:2,(anonymous_2)
FNDA:8,(anonymous_3)
FNDA:2,(anonymous_4)
FNDA:8,(anonymous_5)
FNDA:8,(anonymous_6)
FNDA:4,(anonymous_7)
FNDA:2,(anonymous_8)
FNDA:2,(anonymous_9)
FNDA:20,(anonymous_10)
FNDA:8,(anonymous_11)
DA:48,2
DA:71,6
DA:75,2
DA:114,8
DA:115,8
DA:116,2
DA:117,0
DA:120,8
DA:121,8
DA:125,8
DA:126,8
DA:127,8
DA:131,8
DA:135,4
DA:136,2
DA:137,2
DA:142,2
DA:145,2
DA:146,2
DA:151,2
DA:157,20
DA:161,8
DA:165,2
DA:166,2
LF:24
LH:23
BRDA:116,0,0,0
BRDA:116,0,1,2
BRDA:116,1,0,2
BRDA:116,1,1,2
BRDA:116,1,2,0
BRDA:131,2,0,8
BRDA:131,2,1,8
BRDA:135,3,0,2
BRDA:135,3,1,2
BRDA:157,4,0,6
BRDA:157,4,1,14
BRF:11
BRH:9
end_of_record
TN:
SF:/opt/jenkins/workspace/master/nuxeo-elements-master/ui/actions/nuxeo-preview-button.js
FN:46,(anonymous_0)
FN:104,(anonymous_1)
FN:108,(anonymous_2)
FN:147,(anonymous_3)
FN:151,(anonymous_4)
FN:155,(anonymous_5)
FN:159,(anonymous_6)
FNF:7
FNH:5
FNDA:2,(anonymous_0)
FNDA:6,(anonymous_1)
FNDA:2,(anonymous_2)
FNDA:0,(anonymous_3)
FNDA:56,(anonymous_4)
FNDA:56,(anonymous_5)
FNDA:0,(anonymous_6)
DA:47,2
DA:105,6
DA:109,2
DA:148,0
DA:152,56
DA:156,56
DA:160,0
DA:164,2
DA:165,2
LF:9
LH:7
BRDA:152,0,0,56
BRDA:152,0,1,56
BRF:2
BRH:2
end_of_record
TN:
SF:/opt/jenkins/workspace/master/nuxeo-elements-master/ui/nuxeo-aggregation/nuxeo-aggregation-behavior.js
FN:76,(anonymous_0)
FN:81,(anonymous_1)
FN:96,(anonymous_2)
FNF:3
FNH:2
FNDA:8,(anonymous_0)
FNDA:2,(anonymous_1)
FNDA:0,(anonymous_2)
DA:20,2
DA:54,4
DA:65,4
DA:66,4
DA:68,0
DA:73,4
DA:74,4
DA:75,4
DA:76,4
DA:77,8
DA:78,8
DA:80,4
DA:81,2
DA:82,2
DA:83,1
DA:84,1
DA:85,1
DA:87,0
DA:90,4
DA:95,0
DA:96,0
DA:97,0
DA:98,0
DA:101,0
DA:106,8
DA:107,8
DA:108,8
DA:109,0
DA:110,8
DA:111,0
DA:112,8
DA:113,8
DA:115,0
DA:116,0
DA:119,0
DA:120,0
DA:125,0
DA:126,0
DA:127,0
DA:129,0
DA:130,0
DA:131,0
DA:132,0
DA:133,0
DA:134,0
DA:135,0
DA:136,0
DA:138,0
DA:140,0
DA:142,0
DA:146,0
DA:147,0
DA:148,0
DA:150,0
DA:152,0
LF:55
LH:23
BRDA:65,0,0,4
BRDA:65,0,1,0
BRDA:65,1,0,4
BRDA:65,1,1,4
BRDA:73,2,0,4
BRDA:73,2,1,0
BRDA:80,3,0,2
BRDA:80,3,1,2
BRDA:82,4,0,1
BRDA:82,4,1,1
BRDA:84,5,0,1
BRDA:84,5,1,0
BRDA:97,6,0,0
BRDA:97,6,1,0
BRDA:106,7,0,8
BRDA:106,7,1,0
BRDA:108,8,0,0
BRDA:108,8,1,8
BRDA:110,9,0,0
BRDA:110,9,1,8
BRDA:112,10,0,8
BRDA:112,10,1,0
BRDA:113,11,0,8
BRDA:113,11,1,0
BRDA:116,12,0,0
BRDA:116,12,1,0
BRDA:120,13,0,0
BRDA:120,13,1,0
BRDA:125,14,0,0
BRDA:125,14,1,0
BRDA:126,15,0,0
BRDA:126,15,1,0
BRDA:131,16,0,0
BRDA:131,16,1,0
BRDA:133,17,0,0
BRDA:133,17,1,0
BRDA:135,18,0,0
BRDA:135,18,1,0
BRDA:146,19,0,0
BRDA:146,19,1,0
BRDA:148,20,0,0
BRDA:148,20,1,0
BRDA:148,21,0,0
BRDA:148,21,1,0
BRDA:148,21,2,0
BRDA:148,21,3,0
BRF:46
BRH:14
end_of_record
TN:
SF:/opt/jenkins/workspace/master/nuxeo-elements-master/ui/nuxeo-aggregation/nuxeo-checkbox-aggregation.js
FN:47,(anonymous_0)
FN:74,(anonymous_1)
FNF:2
FNH:2
FNDA:2,(anonymous_0)
FNDA:6,(anonymous_1)
DA:48,2
DA:75,6
DA:79,2
DA:80,2
LF:4
LH:4
BRF:0
BRH:0
end_of_record
TN:
SF:/opt/jenkins/workspace/master/nuxeo-elements-master/ui/nuxeo-data-table/data-table-cell.js
FN:16,(anonymous_0)
FN:41,(anonymous_1)
FN:45,(anonymous_2)
FN:59,(anonymous_3)
FN:65,(anonymous_4)
FN:79,(anonymous_5)
FN:83,(anonymous_6)
FN:96,(anonymous_7)
FN:106,(anonymous_8)
FN:110,(anonymous_9)
FN:114,(anonymous_10)
FN:118,(anonymous_11)
FN:122,(anonymous_12)
FN:128,(anonymous_13)
FN:133,(anonymous_14)
FNF:15
FNH:14
FNDA:2,(anonymous_0)
FNDA:6,(anonymous_1)
FNDA:2,(anonymous_2)
FNDA:6,(anonymous_3)
FNDA:2,(anonymous_4)
FNDA:2,(anonymous_5)
FNDA:4,(anonymous_6)
FNDA:4,(anonymous_7)
FNDA:4,(anonymous_8)
FNDA:0,(anonymous_9)
FNDA:4,(anonymous_10)
FNDA:2,(anonymous_11)
FNDA:2,(anonymous_12)
FNDA:2,(anonymous_13)
FNDA:2,(anonymous_14)
DA:17,2
DA:42,6
DA:46,2
DA:59,4
DA:66,2
DA:80,2
DA:84,4
DA:91,4
DA:97,4
DA:98,2
DA:102,2
DA:107,4
DA:111,0
DA:115,4
DA:119,2
DA:123,2
DA:124,2
DA:129,2
DA:130,0
DA:133,2
DA:135,2
DA:136,2
DA:141,2
DA:142,2
LF:24
LH:22
BRDA:80,0,0,0
BRDA:80,0,1,2
BRDA:97,1,0,2
BRDA:97,1,1,2
BRDA:123,2,0,2
BRDA:123,2,1,0
BRDA:129,3,0,0
BRDA:129,3,1,2
BRDA:135,4,0,2
BRDA:135,4,1,0
BRF:10
BRH:6
end_of_record
TN:
SF:/opt/jenkins/workspace/master/nuxeo-elements-master/ui/nuxeo-data-table/data-table-checkbox.js
FN:13,(anonymous_0)
FN:44,(anonymous_1)
FN:48,(anonymous_2)
FNF:3
FNH:3
FNDA:2,(anonymous_0)
FNDA:6,(anonymous_1)
FNDA:2,(anonymous_2)
DA:14,2
DA:45,6
DA:49,2
DA:59,2
DA:60,2
LF:5
LH:5
BRF:0
BRH:0
end_of_record
TN:
SF:/opt/jenkins/workspace/master/nuxeo-elements-master/ui/nuxeo-data-table/data-table-column-filter.js
FN:15,(anonymous_0)
FN:31,(anonymous_1)
FN:35,(anonymous_2)
FN:46,(anonymous_3)
FN:50,(anonymous_4)
FNF:5
FNH:4
FNDA:2,(anonymous_0)
FNDA:6,(anonymous_1)
FNDA:2,(anonymous_2)
FNDA:2,(anonymous_3)
FNDA:0,(anonymous_4)
DA:16,2
DA:32,6
DA:36,2
DA:49,2
DA:50,2
DA:51,0
DA:56,2
DA:57,2
LF:8
LH:7
BRF:0
BRH:0
end_of_record
TN:
SF:/opt/jenkins/workspace/master/nuxeo-elements-master/ui/nuxeo-data-table/data-table-column-sort.js
FN:13,(anonymous_0)
FN:65,(anonymous_1)
FN:69,(anonymous_2)
FN:84,(anonymous_3)
FN:90,(anonymous_4)
FN:102,(anonymous_5)
FN:105,(anonymous_6)
FN:113,(anonymous_7)
FNF:8
FNH:6
FNDA:2,(anonymous_0)
FNDA:6,(anonymous_1)
FNDA:2,(anonymous_2)
FNDA:2,(anonymous_3)
FNDA:2,(anonymous_4)
FNDA:2,(anonymous_5)
FNDA:0,(anonymous_6)
FNDA:0,(anonymous_7)
DA:14,2
DA:66,6
DA:70,2
DA:85,2
DA:91,2
DA:92,2
DA:95,0
DA:96,0
DA:97,0
DA:104,2
DA:105,2
DA:106,0
DA:107,0
DA:114,0
DA:116,0
DA:117,0
DA:120,0
DA:121,0
DA:124,0
DA:125,0
DA:128,0
DA:139,2
DA:140,2
LF:23
LH:10
BRDA:91,0,0,2
BRDA:91,0,1,0
BRDA:96,1,0,0
BRDA:96,1,1,0
BRDA:104,2,0,2
BRDA:104,2,1,0
BRDA:106,3,0,0
BRDA:106,3,1,0
BRDA:114,4,0,0
BRDA:114,4,1,0
BRDA:114,4,2,0
BRF:11
BRH:2
end_of_record
TN:
SF:/opt/jenkins/workspace/master/nuxeo-elements-master/ui/nuxeo-data-table/data-table-column.js
FN:14,(anonymous_0)
FN:27,(anonymous_1)
FN:31,(anonymous_2)
FN:132,(anonymous_3)
FN:148,(anonymous_4)
FN:159,(anonymous_5)
FN:166,(anonymous_6)
FN:170,(anonymous_7)
FN:174,(anonymous_8)
FN:178,(anonymous_9)
FN:182,(anonymous_10)
FN:186,(anonymous_11)
FN:190,(anonymous_12)
FN:194,(anonymous_13)
FN:198,(anonymous_14)
FN:202,(anonymous_15)
FN:206,(anonymous_16)
FNF:17
FNH:17
FNDA:2,(anonymous_0)
FNDA:6,(anonymous_1)
FNDA:2,(anonymous_2)
FNDA:2,(anonymous_3)
FNDA:2,(anonymous_4)
FNDA:38,(anonymous_5)
FNDA:4,(anonymous_6)
FNDA:4,(anonymous_7)
FNDA:4,(anonymous_8)
FNDA:4,(anonymous_9)
FNDA:4,(anonymous_10)
FNDA:4,(anonymous_11)
FNDA:2,(anonymous_12)
FNDA:4,(anonymous_13)
FNDA:4,(anonymous_14)
FNDA:4,(anonymous_15)
FNDA:4,(anonymous_16)
DA:15,2
DA:28,6
DA:32,2
DA:133,2
DA:149,2
DA:150,2
DA:151,2
DA:152,2
DA:153,0
DA:155,2
DA:160,38
DA:161,20
DA:162,20
DA:167,4
DA:171,4
DA:175,4
DA:179,4
DA:183,4
DA:187,4
DA:191,2
DA:195,4
DA:199,4
DA:203,4
DA:207,4
DA:208,0
DA:209,0
DA:218,2
DA:219,2
LF:28
LH:25
BRDA:152,0,0,0
BRDA:152,0,1,2
BRDA:160,1,0,20
BRDA:160,1,1,18
BRDA:160,2,0,38
BRDA:160,2,1,20
BRDA:207,3,0,0
BRDA:207,3,1,4
BRDA:207,4,0,4
BRDA:207,4,1,2
BRDA:207,4,2,2
BRF:11
BRH:9
end_of_record
TN:
SF:/opt/jenkins/workspace/master/nuxeo-elements-master/ui/nuxeo-data-table/data-table-icons.js
FNF:0
FNH:0
DA:3,2
DA:5,2
DA:13,2
LF:3
LH:3
BRF:0
BRH:0
end_of_record
TN:
SF:/opt/jenkins/workspace/master/nuxeo-elements-master/ui/nuxeo-data-table/data-table-row-detail.js
FN:15,(anonymous_0)
FN:19,(anonymous_1)
FN:25,(anonymous_2)
FN:31,(anonymous_3)
FN:44,(anonymous_4)
FNF:5
FNH:2
FNDA:2,(anonymous_0)
FNDA:2,(anonymous_1)
FNDA:0,(anonymous_2)
FNDA:0,(anonymous_3)
FNDA:0,(anonymous_4)
DA:16,2
DA:20,2
DA:26,0
DA:32,0
DA:45,0
DA:55,2
DA:56,2
LF:7
LH:4
BRF:0
BRH:0
end_of_record
TN:
SF:/opt/jenkins/workspace/master/nuxeo-elements-master/ui/nuxeo-data-table/data-table-row.js
FN:13,(anonymous_0)
FN:92,(anonymous_1)
FN:96,(anonymous_2)
FN:117,(anonymous_3)
FN:123,(anonymous_4)
FN:145,(anonymous_5)
FNF:6
FNH:6
FNDA:2,(anonymous_0)
FNDA:6,(anonymous_1)
FNDA:2,(anonymous_2)
FNDA:2,(anonymous_3)
FNDA:4,(anonymous_4)
FNDA:2,(anonymous_5)
DA:14,2
DA:93,6
DA:97,2
DA:118,2
DA:124,4
DA:125,4
DA:126,4
DA:127,2
DA:128,2
DA:129,2
DA:130,2
DA:131,2
DA:132,2
DA:133,2
DA:135,2
DA:137,2
DA:140,2
DA:146,2
DA:147,2
DA:150,0
DA:157,0
DA:161,2
DA:162,2
LF:23
LH:21
BRDA:126,0,0,2
BRDA:126,0,1,2
BRDA:126,1,0,4
BRDA:126,1,1,2
BRDA:129,2,0,2
BRDA:129,2,1,0
BRDA:146,3,0,2
BRDA:146,3,1,0
BRF:8
BRH:6
end_of_record
TN:
SF:/opt/jenkins/workspace/master/nuxeo-elements-master/ui/nuxeo-data-table/data-table-settings.js
FN:20,(anonymous_0)
FN:104,(anonymous_1)
FN:108,(anonymous_2)
FN:117,(anonymous_3)
FN:123,(anonymous_4)
FN:127,(anonymous_5)
FN:136,(anonymous_6)
FN:137,(anonymous_7)
FN:142,(anonymous_8)
FN:143,(anonymous_9)
FNF:10
FNH:5
FNDA:2,(anonymous_0)
FNDA:6,(anonymous_1)
FNDA:2,(anonymous_2)
FNDA:2,(anonymous_3)
FNDA:0,(anonymous_4)
FNDA:22,(anonymous_5)
FNDA:0,(anonymous_6)
FNDA:0,(anonymous_7)
FNDA:0,(anonymous_8)
FNDA:0,(anonymous_9)
DA:21,2
DA:105,6
DA:109,2
DA:118,2
DA:124,0
DA:128,22
DA:129,2
DA:137,0
DA:138,0
DA:143,0
DA:144,0
DA:149,2
DA:150,2
LF:13
LH:8
BRDA:128,0,0,2
BRDA:128,0,1,20
BRDA:143,1,0,0
BRDA:143,1,1,0
BRF:4
BRH:2
end_of_record
TN:
SF:/opt/jenkins/workspace/master/nuxeo-elements-master/ui/nuxeo-data-table/data-table-templatizer-behavior.js
FN:66,(anonymous_0)
FN:76,(anonymous_1)
FN:159,(anonymous_2)
FNF:3
FNH:0
FNDA:0,(anonymous_0)
FNDA:0,(anonymous_1)
FNDA:0,(anonymous_2)
DA:7,2
DA:10,2
DA:40,4
DA:50,6
DA:51,6
DA:56,2
DA:57,0
DA:60,2
DA:62,2
DA:65,2
DA:66,0
DA:67,0
DA:71,2
DA:76,2
DA:77,0
DA:80,2
DA:82,2
DA:88,2
DA:90,2
DA:91,2
DA:96,2
DA:97,2
DA:102,2
DA:103,2
DA:109,2
DA:111,2
DA:112,2
DA:119,2
DA:121,2
DA:122,2
DA:129,0
DA:130,0
DA:131,0
DA:136,2
DA:137,0
DA:138,0
DA:140,0
DA:144,2
DA:145,0
DA:146,0
DA:148,0
DA:154,0
DA:157,0
DA:160,0
DA:173,2
LF:45
LH:29
BRDA:7,0,0,2
BRDA:7,0,1,2
BRDA:56,1,0,0
BRDA:56,1,1,2
BRDA:65,2,0,0
BRDA:65,2,1,2
BRDA:90,3,0,2
BRDA:90,3,1,0
BRDA:96,4,0,2
BRDA:96,4,1,0
BRDA:102,5,0,2
BRDA:102,5,1,0
BRDA:109,6,0,2
BRDA:109,6,1,2
BRDA:111,7,0,2
BRDA:111,7,1,0
BRDA:121,8,0,2
BRDA:121,8,1,0
BRDA:130,9,0,0
BRDA:130,9,1,0
BRDA:136,10,0,0
BRDA:136,10,1,2
BRDA:136,11,0,2
BRDA:136,11,1,0
BRDA:136,11,2,0
BRDA:137,12,0,0
BRDA:137,12,1,0
BRDA:144,13,0,0
BRDA:144,13,1,2
BRDA:144,14,0,2
BRDA:144,14,1,0
BRDA:144,14,2,0
BRDA:145,15,0,0
BRDA:145,15,1,0
BRDA:154,16,0,0
BRDA:154,16,1,0
BRF:36
BRH:15
end_of_record
TN:
SF:/opt/jenkins/workspace/master/nuxeo-elements-master/ui/nuxeo-data-table/default-styles.js
FNF:0
FNH:0
DA:1,2
DA:3,2
DA:62,2
LF:3
LH:3
BRF:0
BRH:0
end_of_record
TN:
SF:/opt/jenkins/workspace/master/nuxeo-elements-master/ui/nuxeo-data-table/iron-data-table.js
FN:110,(anonymous_0)
FN:370,(anonymous_1)
FN:374,(anonymous_2)
FN:503,(anonymous_3)
FN:506,(anonymous_4)
FN:507,(anonymous_5)
FN:511,(anonymous_6)
FN:535,(anonymous_7)
FN:544,(anonymous_8)
FN:555,(anonymous_9)
FN:561,(anonymous_10)
FN:577,(anonymous_11)
FN:578,(anonymous_12)
FN:583,(anonymous_13)
FN:596,(anonymous_14)
FN:600,(anonymous_15)
FN:602,(anonymous_16)
FN:608,(anonymous_17)
FN:615,(anonymous_18)
FN:619,(anonymous_19)
FN:626,(anonymous_20)
FN:631,(anonymous_21)
FN:639,(anonymous_22)
FN:664,(anonymous_23)
FN:676,(anonymous_24)
FN:686,(anonymous_25)
FN:690,(anonymous_26)
FN:740,(anonymous_27)
FN:746,(anonymous_28)
FN:775,(anonymous_29)
FN:779,(anonymous_30)
FN:786,(anonymous_31)
FN:789,(anonymous_32)
FN:799,(anonymous_33)
FN:812,(anonymous_34)
FN:817,(anonymous_35)
FN:831,(anonymous_36)
FN:833,(anonymous_37)
FN:849,(anonymous_38)
FN:866,(anonymous_39)
FN:872,(anonymous_40)
FN:880,(anonymous_41)
FN:890,(anonymous_42)
FN:900,(anonymous_43)
FN:906,(anonymous_44)
FN:915,(anonymous_45)
FN:930,(anonymous_46)
FN:936,(anonymous_47)
FN:942,(anonymous_48)
FN:950,(anonymous_49)
FN:954,(anonymous_50)
FN:959,(anonymous_51)
FNF:52
FNH:17
FNDA:2,(anonymous_0)
FNDA:6,(anonymous_1)
FNDA:2,(anonymous_2)
FNDA:2,(anonymous_3)
FNDA:2,(anonymous_4)
FNDA:14,(anonymous_5)
FNDA:8,(anonymous_6)
FNDA:2,(anonymous_7)
FNDA:0,(anonymous_8)
FNDA:0,(anonymous_9)
FNDA:0,(anonymous_10)
FNDA:2,(anonymous_11)
FNDA:2,(anonymous_12)
FNDA:0,(anonymous_13)
FNDA:0,(anonymous_14)
FNDA:4,(anonymous_15)
FNDA:0,(anonymous_16)
FNDA:2,(anonymous_17)
FNDA:6,(anonymous_18)
FNDA:6,(anonymous_19)
FNDA:0,(anonymous_20)
FNDA:0,(anonymous_21)
FNDA:0,(anonymous_22)
FNDA:0,(anonymous_23)
FNDA:0,(anonymous_24)
FNDA:0,(anonymous_25)
FNDA:0,(anonymous_26)
FNDA:0,(anonymous_27)
FNDA:0,(anonymous_28)
FNDA:0,(anonymous_29)
FNDA:0,(anonymous_30)
FNDA:0,(anonymous_31)
FNDA:0,(anonymous_32)
FNDA:0,(anonymous_33)
FNDA:0,(anonymous_34)
FNDA:0,(anonymous_35)
FNDA:0,(anonymous_36)
FNDA:0,(anonymous_37)
FNDA:0,(anonymous_38)
FNDA:0,(anonymous_39)
FNDA:0,(anonymous_40)
FNDA:0,(anonymous_41)
FNDA:0,(anonymous_42)
FNDA:0,(anonymous_43)
FNDA:2,(anonymous_44)
FNDA:0,(anonymous_45)
FNDA:2,(anonymous_46)
FNDA:0,(anonymous_47)
FNDA:0,(anonymous_48)
FNDA:0,(anonymous_49)
FNDA:0,(anonymous_50)
FNDA:2,(anonymous_51)
DA:111,2
DA:371,6
DA:375,2
DA:433,2
DA:441,2
DA:448,2
DA:504,2
DA:505,2
DA:506,2
DA:507,2
DA:508,14
DA:511,2
DA:512,8
DA:517,2
DA:519,2
DA:520,2
DA:521,2
DA:524,2
DA:525,0
DA:529,0
DA:530,0
DA:536,2
DA:537,2
DA:538,2
DA:539,2
DA:540,2
DA:541,2
DA:542,2
DA:543,2
DA:544,2
DA:545,0
DA:546,0
DA:547,0
DA:549,0
DA:554,2
DA:555,2
DA:556,0
DA:557,0
DA:562,0
DA:563,0
DA:564,0
DA:565,0
DA:567,0
DA:568,0
DA:569,0
DA:570,0
DA:572,0
DA:578,2
DA:579,2
DA:584,0
DA:585,0
DA:590,0
DA:597,0
DA:601,4
DA:602,2
DA:603,0
DA:607,4
DA:608,4
DA:609,2
DA:610,2
DA:617,6
DA:619,6
DA:620,6
DA:622,6
DA:627,0
DA:628,0
DA:629,0
DA:633,0
DA:640,0
DA:650,0
DA:651,0
DA:652,0
DA:656,0
DA:657,0
DA:665,0
DA:668,0
DA:669,0
DA:677,0
DA:678,0
DA:681,0
DA:682,0
DA:687,0
DA:691,0
DA:694,0
DA:698,0
DA:745,0
DA:746,0
DA:747,0
DA:753,0
DA:754,0
DA:755,0
DA:759,0
DA:760,0
DA:761,0
DA:763,0
DA:766,0
DA:776,0
DA:777,0
DA:778,0
DA:779,0
DA:780,0
DA:783,0
DA:787,0
DA:788,0
DA:789,0
DA:790,0
DA:800,0
DA:801,0
DA:802,0
DA:803,0
DA:808,0
DA:813,0
DA:814,0
DA:818,0
DA:819,0
DA:820,0
DA:821,0
DA:822,0
DA:824,0
DA:826,0
DA:827,0
DA:832,0
DA:833,0
DA:834,0
DA:835,0
DA:837,0
DA:840,0
DA:842,0
DA:845,0
DA:846,0
DA:850,0
DA:851,0
DA:852,0
DA:853,0
DA:855,0
DA:856,0
DA:858,0
DA:860,0
DA:863,0
DA:867,0
DA:868,0
DA:869,0
DA:873,0
DA:874,0
DA:876,0
DA:877,0
DA:881,0
DA:882,0
DA:883,0
DA:884,0
DA:885,0
DA:886,0
DA:891,0
DA:892,0
DA:893,0
DA:894,0
DA:895,0
DA:896,0
DA:901,0
DA:902,0
DA:907,2
DA:908,2
DA:909,0
DA:910,0
DA:911,0
DA:913,0
DA:914,0
DA:915,0
DA:916,0
DA:917,0
DA:918,0
DA:921,0
DA:922,0
DA:925,2
DA:931,2
DA:932,0
DA:937,0
DA:938,0
DA:943,0
DA:944,0
DA:946,0
DA:951,0
DA:955,0
DA:956,0
DA:960,2
DA:961,2
DA:963,0
DA:968,2
DA:969,2
LF:189
LH:49
BRDA:508,0,0,14
BRDA:508,0,1,6
BRDA:512,1,0,8
BRDA:512,1,1,4
BRDA:512,1,2,0
BRDA:512,1,3,0
BRDA:517,2,0,2
BRDA:517,2,1,0
BRDA:517,3,0,2
BRDA:517,3,1,0
BRDA:524,4,0,0
BRDA:524,4,1,2
BRDA:530,5,0,0
BRDA:530,5,1,0
BRDA:530,6,0,0
BRDA:530,6,1,0
BRDA:546,7,0,0
BRDA:546,7,1,0
BRDA:562,8,0,0
BRDA:562,8,1,0
BRDA:564,9,0,0
BRDA:564,9,1,0
BRDA:567,10,0,0
BRDA:567,10,1,0
BRDA:569,11,0,0
BRDA:569,11,1,0
BRDA:584,12,0,0
BRDA:584,12,1,0
BRDA:601,13,0,2
BRDA:601,13,1,2
BRDA:607,14,0,4
BRDA:607,14,1,0
BRDA:627,15,0,0
BRDA:627,15,1,0
BRDA:640,16,0,0
BRDA:640,16,1,0
BRDA:665,17,0,0
BRDA:665,17,1,0
BRDA:665,18,0,0
BRDA:665,18,1,0
BRDA:665,18,2,0
BRDA:677,19,0,0
BRDA:677,19,1,0
BRDA:677,20,0,0
BRDA:677,20,1,0
BRDA:677,20,2,0
BRDA:687,21,0,0
BRDA:687,21,1,0
BRDA:691,22,0,0
BRDA:691,22,1,0
BRDA:698,23,0,0
BRDA:698,23,1,0
BRDA:698,23,2,0
BRDA:745,24,0,0
BRDA:745,24,1,0
BRDA:754,25,0,0
BRDA:754,25,1,0
BRDA:759,26,0,0
BRDA:759,26,1,0
BRDA:759,27,0,0
BRDA:759,27,1,0
BRDA:760,28,0,0
BRDA:760,28,1,0
BRDA:778,29,0,0
BRDA:778,29,1,0
BRDA:780,30,0,0
BRDA:780,30,1,0
BRDA:787,31,0,0
BRDA:787,31,1,0
BRDA:788,32,0,0
BRDA:788,32,1,0
BRDA:788,33,0,0
BRDA:788,33,1,0
BRDA:792,34,0,0
BRDA:792,34,1,0
BRDA:800,35,0,0
BRDA:800,35,1,0
BRDA:802,36,0,0
BRDA:802,36,1,0
BRDA:819,37,0,0
BRDA:819,37,1,0
BRDA:821,38,0,0
BRDA:821,38,1,0
BRDA:834,39,0,0
BRDA:834,39,1,0
BRDA:834,40,0,0
BRDA:834,40,1,0
BRDA:835,41,0,0
BRDA:835,41,1,0
BRDA:851,42,0,0
BRDA:851,42,1,0
BRDA:856,43,0,0
BRDA:856,43,1,0
BRDA:856,44,0,0
BRDA:856,44,1,0
BRDA:856,44,2,0
BRDA:873,45,0,0
BRDA:873,45,1,0
BRDA:882,46,0,0
BRDA:882,46,1,0
BRDA:892,47,0,0
BRDA:892,47,1,0
BRDA:901,48,0,0
BRDA:901,48,1,0
BRDA:907,49,0,2
BRDA:907,49,1,0
BRDA:908,50,0,0
BRDA:908,50,1,2
BRDA:909,51,0,0
BRDA:909,51,1,0
BRDA:914,52,0,0
BRDA:914,52,1,0
BRDA:931,53,0,0
BRDA:931,53,1,2
BRDA:937,54,0,0
BRDA:937,54,1,0
BRDA:943,55,0,0
BRDA:943,55,1,0
BRDA:951,56,0,0
BRDA:951,56,1,0
BRDA:951,57,0,0
BRDA:951,57,1,0
BRDA:956,58,0,0
BRDA:956,58,1,0
BRDA:961,59,0,0
BRDA:961,59,1,2
BRF:126
BRH:14
end_of_record
TN:
SF:/opt/jenkins/workspace/master/nuxeo-elements-master/ui/nuxeo-data-table/nuxeo-data-table-form.js
FN:18,(anonymous_0)
FN:33,(anonymous_1)
FN:37,(anonymous_2)
FN:54,(anonymous_3)
FN:61,(anonymous_4)
FN:66,(anonymous_5)
FN:70,(anonymous_6)
FN:77,(anonymous_7)
FNF:8
FNH:2
FNDA:0,(anonymous_0)
FNDA:2,(anonymous_1)
FNDA:2,(anonymous_2)
FNDA:0,(anonymous_3)
FNDA:0,(anonymous_4)
FNDA:0,(anonymous_5)
FNDA:0,(anonymous_6)
FNDA:0,(anonymous_7)
DA:19,0
DA:34,2
DA:38,2
DA:55,0
DA:56,0
DA:58,0
DA:59,0
DA:60,0
DA:61,0
DA:63,0
DA:67,0
DA:71,0
DA:72,0
DA:73,0
DA:78,0
DA:82,2
DA:83,2
LF:17
LH:4
BRDA:71,0,0,0
BRDA:71,0,1,0
BRF:2
BRH:0
end_of_record
TN:
SF:/opt/jenkins/workspace/master/nuxeo-elements-master/ui/nuxeo-data-table/nuxeo-data-table-row-actions.js
FN:19,(anonymous_0)
FN:70,(anonymous_1)
FN:74,(anonymous_2)
FN:83,(anonymous_3)
FN:89,(anonymous_4)
FN:101,(anonymous_5)
FN:109,(anonymous_6)
FN:117,(anonymous_7)
FN:125,(anonymous_8)
FN:133,(anonymous_9)
FN:137,(anonymous_10)
FNF:11
FNH:2
FNDA:0,(anonymous_0)
FNDA:2,(anonymous_1)
FNDA:2,(anonymous_2)
FNDA:0,(anonymous_3)
FNDA:0,(anonymous_4)
FNDA:0,(anonymous_5)
FNDA:0,(anonymous_6)
FNDA:0,(anonymous_7)
FNDA:0,(anonymous_8)
FNDA:0,(anonymous_9)
FNDA:0,(anonymous_10)
DA:20,0
DA:71,2
DA:75,2
DA:84,0
DA:90,0
DA:91,0
DA:93,0
DA:98,0
DA:102,0
DA:110,0
DA:118,0
DA:126,0
DA:134,0
DA:138,0
DA:142,2
DA:143,2
LF:16
LH:4
BRDA:90,0,0,0
BRDA:90,0,1,0
BRDA:134,1,0,0
BRDA:134,1,1,0
BRDA:138,2,0,0
BRDA:138,2,1,0
BRF:6
BRH:0
end_of_record
TN:
SF:/opt/jenkins/workspace/master/nuxeo-elements-master/ui/nuxeo-user-group-management/nuxeo-create-group.js
FN:37,(anonymous_0)
FN:165,(anonymous_1)
FN:169,(anonymous_2)
FN:221,(anonymous_3)
FN:227,(anonymous_4)
FN:229,(anonymous_5)
FN:235,(anonymous_6)
FN:242,(anonymous_7)
FN:249,(anonymous_8)
FN:258,(anonymous_9)
FN:266,(anonymous_10)
FN:274,(anonymous_11)
FN:276,(anonymous_12)
FN:286,(anonymous_13)
FN:291,(anonymous_14)
FN:296,(anonymous_15)
FN:303,(anonymous_16)
FN:308,(anonymous_17)
FN:309,(anonymous_18)
FN:310,(anonymous_19)
FN:311,(anonymous_20)
FN:315,(anonymous_21)
FN:324,(anonymous_22)
FN:328,(anonymous_23)
FNF:24
FNH:18
FNDA:2,(anonymous_0)
FNDA:6,(anonymous_1)
FNDA:2,(anonymous_2)
FNDA:2,(anonymous_3)
FNDA:6,(anonymous_4)
FNDA:6,(anonymous_5)
FNDA:1,(anonymous_6)
FNDA:0,(anonymous_7)
FNDA:0,(anonymous_8)
FNDA:2,(anonymous_9)
FNDA:4,(anonymous_10)
FNDA:6,(anonymous_11)
FNDA:1,(anonymous_12)
FNDA:3,(anonymous_13)
FNDA:0,(anonymous_14)
FNDA:1,(anonymous_15)
FNDA:10,(anonymous_16)
FNDA:8,(anonymous_17)
FNDA:8,(anonymous_18)
FNDA:8,(anonymous_19)
FNDA:0,(anonymous_20)
FNDA:0,(anonymous_21)
FNDA:0,(anonymous_22)
FNDA:9,(anonymous_23)
DA:38,2
DA:166,6
DA:170,2
DA:195,6
DA:202,6
DA:222,2
DA:228,6
DA:229,6
DA:230,6
DA:231,6
DA:236,1
DA:243,0
DA:244,0
DA:246,0
DA:250,0
DA:251,0
DA:259,2
DA:260,2
DA:267,4
DA:268,4
DA:275,6
DA:276,6
DA:277,1
DA:282,1
DA:283,1
DA:284,1
DA:287,3
DA:292,0
DA:293,0
DA:297,1
DA:298,1
DA:299,1
DA:300,1
DA:304,10
DA:308,8
DA:309,8
DA:310,8
DA:311,0
DA:316,0
DA:317,0
DA:318,0
DA:321,0
DA:325,0
DA:329,9
DA:333,2
DA:334,2
LF:46
LH:33
BRDA:243,0,0,0
BRDA:243,0,1,0
BRDA:243,1,0,0
BRDA:243,1,1,0
BRDA:250,2,0,0
BRDA:250,2,1,0
BRDA:283,3,0,1
BRDA:283,3,1,0
BRDA:317,4,0,0
BRDA:317,4,1,0
BRDA:325,5,0,0
BRDA:325,5,1,0
BRF:12
BRH:1
end_of_record
TN:
SF:/opt/jenkins/workspace/master/nuxeo-elements-master/ui/viewers/nuxeo-image-viewer.js
FN:45,(anonymous_0)
FN:49,(anonymous_1)
FN:93,(anonymous_2)
FN:97,(anonymous_3)
FN:167,(anonymous_4)
FN:172,(anonymous_5)
FN:189,(anonymous_6)
FN:195,(anonymous_7)
FN:221,(anonymous_8)
FN:225,(anonymous_9)
FN:229,(anonymous_10)
FN:236,(anonymous_11)
FN:243,(anonymous_12)
FNF:13
FNH:2
FNDA:2,(anonymous_0)
FNDA:2,(anonymous_1)
FNDA:0,(anonymous_2)
FNDA:0,(anonymous_3)
FNDA:0,(anonymous_4)
FNDA:0,(anonymous_5)
FNDA:0,(anonymous_6)
FNDA:0,(anonymous_7)
FNDA:0,(anonymous_8)
FNDA:0,(anonymous_9)
FNDA:0,(anonymous_10)
FNDA:0,(anonymous_11)
FNDA:0,(anonymous_12)
DA:46,2
DA:50,2
DA:94,0
DA:98,0
DA:168,0
DA:169,0
DA:173,0
DA:174,0
DA:177,0
DA:178,0
DA:189,0
DA:191,0
DA:196,0
DA:197,0
DA:199,0
DA:200,0
DA:202,0
DA:203,0
DA:205,0
DA:206,0
DA:208,0
DA:209,0
DA:211,0
DA:212,0
DA:214,0
DA:215,0
DA:222,0
DA:226,0
DA:230,0
DA:231,0
DA:232,0
DA:237,0
DA:238,0
DA:239,0
DA:244,0
DA:247,0
DA:248,0
DA:253,2
DA:254,2
LF:39
LH:4
BRDA:173,0,0,0
BRDA:173,0,1,0
BRDA:177,1,0,0
BRDA:177,1,1,0
BRDA:196,2,0,0
BRDA:196,2,1,0
BRDA:197,3,0,0
BRDA:197,3,1,0
BRDA:197,3,2,0
BRDA:197,3,3,0
BRDA:197,3,4,0
BRDA:197,3,5,0
BRDA:197,3,6,0
BRDA:222,4,0,0
BRDA:222,4,1,0
BRDA:230,5,0,0
BRDA:230,5,1,0
BRDA:237,6,0,0
BRDA:237,6,1,0
BRDA:244,7,0,0
BRDA:244,7,1,0
BRF:21
BRH:0
end_of_record
TN:
SF:/opt/jenkins/workspace/master/nuxeo-elements-master/ui/viewers/nuxeo-pdf-viewer.js
FN:42,(anonymous_0)
FN:62,(anonymous_1)
FN:66,(anonymous_2)
FN:77,(anonymous_3)
FN:81,(anonymous_4)
FNF:5
FNH:2
FNDA:0,(anonymous_0)
FNDA:2,(anonymous_1)
FNDA:2,(anonymous_2)
FNDA:0,(anonymous_3)
FNDA:0,(anonymous_4)
DA:43,0
DA:63,2
DA:67,2
DA:78,0
DA:83,0
DA:84,0
DA:85,0
DA:89,2
DA:90,2
LF:9
LH:4
BRF:0
BRH:0
end_of_record
TN:
SF:/opt/jenkins/workspace/master/nuxeo-elements-master/ui/viewers/nuxeo-video-viewer.js
FN:35,(anonymous_0)
FN:110,(anonymous_1)
FN:114,(anonymous_2)
FN:152,(anonymous_3)
FN:156,(anonymous_4)
FN:161,(anonymous_5)
FN:165,(anonymous_6)
FN:169,(anonymous_7)
FN:179,(anonymous_8)
FNF:9
FNH:2
FNDA:0,(anonymous_0)
FNDA:2,(anonymous_1)
FNDA:2,(anonymous_2)
FNDA:0,(anonymous_3)
FNDA:0,(anonymous_4)
FNDA:0,(anonymous_5)
FNDA:0,(anonymous_6)
FNDA:0,(anonymous_7)
FNDA:0,(anonymous_8)
DA:36,0
DA:111,2
DA:115,2
DA:153,0
DA:157,0
DA:158,0
DA:162,0
DA:166,0
DA:170,0
DA:171,0
DA:172,0
DA:174,0
DA:176,0
DA:180,0
DA:184,2
DA:185,2
LF:16
LH:4
BRDA:170,0,0,0
BRDA:170,0,1,0
BRDA:171,1,0,0
BRDA:171,1,1,0
BRF:4
BRH:0
end_of_record
TN:
SF:/opt/jenkins/workspace/master/nuxeo-elements-master/ui/widgets/nuxeo-actions-menu.js
FN:48,(anonymous_0)
FN:103,(anonymous_1)
FN:107,(anonymous_2)
FN:109,(anonymous_3)
FN:111,(anonymous_4)
FN:114,(anonymous_5)
FN:126,(anonymous_6)
FN:134,(anonymous_7)
FN:138,(anonymous_8)
FN:139,(anonymous_9)
FN:142,(anonymous_10)
FN:155,(anonymous_11)
FN:157,(anonymous_12)
FN:163,(anonymous_13)
FN:164,(anonymous_14)
FN:175,(anonymous_15)
FN:176,(anonymous_16)
FN:179,(anonymous_17)
FN:180,(anonymous_18)
FN:183,(anonymous_19)
FN:188,(anonymous_20)
FN:193,(anonymous_21)
FN:194,(anonymous_22)
FN:199,(anonymous_23)
FNF:24
FNH:19
FNDA:2,(anonymous_0)
FNDA:6,(anonymous_1)
FNDA:12,(anonymous_2)
FNDA:24,(anonymous_3)
FNDA:136,(anonymous_4)
FNDA:2,(anonymous_5)
FNDA:12,(anonymous_6)
FNDA:12,(anonymous_7)
FNDA:48,(anonymous_8)
FNDA:194,(anonymous_9)
FNDA:0,(anonymous_10)
FNDA:0,(anonymous_11)
FNDA:0,(anonymous_12)
FNDA:0,(anonymous_13)
FNDA:0,(anonymous_14)
FNDA:74,(anonymous_15)
FNDA:756,(anonymous_16)
FNDA:26,(anonymous_17)
FNDA:6,(anonymous_18)
FNDA:4,(anonymous_19)
FNDA:20,(anonymous_20)
FNDA:80,(anonymous_21)
FNDA:728,(anonymous_22)
FNDA:26,(anonymous_23)
DA:49,2
DA:104,6
DA:108,12
DA:109,12
DA:111,136
DA:114,24
DA:115,2
DA:116,24
DA:118,22
DA:121,12
DA:122,12
DA:123,12
DA:127,12
DA:128,12
DA:129,12
DA:130,12
DA:131,12
DA:135,12
DA:139,194
DA:143,0
DA:144,0
DA:145,0
DA:146,0
DA:147,0
DA:155,0
DA:156,0
DA:157,0
DA:158,0
DA:159,0
DA:161,0
DA:163,0
DA:164,0
DA:166,0
DA:168,0
DA:170,0
DA:176,756
DA:180,26
DA:184,4
DA:185,4
DA:189,20
DA:190,20
DA:194,728
DA:195,0
DA:197,80
DA:200,26
DA:206,26
DA:207,4
DA:209,26
DA:210,24
DA:213,26
DA:214,26
DA:215,20
DA:216,20
DA:217,8
DA:225,2
DA:226,2
LF:56
LH:39
BRDA:111,0,0,136
BRDA:111,0,1,62
BRDA:111,0,2,62
BRDA:116,1,0,22
BRDA:116,1,1,2
BRDA:116,2,0,24
BRDA:116,2,1,20
BRDA:116,2,2,6
BRDA:144,3,0,0
BRDA:144,3,1,0
BRDA:144,4,0,0
BRDA:144,4,1,0
BRDA:144,4,2,0
BRDA:157,5,0,0
BRDA:157,5,1,0
BRDA:159,6,0,0
BRDA:159,6,1,0
BRDA:159,7,0,0
BRDA:159,7,1,0
BRDA:164,8,0,0
BRDA:164,8,1,0
BRDA:164,9,0,0
BRDA:164,9,1,0
BRDA:194,10,0,0
BRDA:194,10,1,80
BRDA:194,11,0,80
BRDA:194,11,1,56
BRDA:194,11,2,56
BRDA:194,12,0,728
BRDA:194,12,1,728
BRDA:206,13,0,30
BRDA:206,13,1,6
BRDA:209,14,0,24
BRDA:209,14,1,2
BRDA:214,15,0,46
BRDA:214,15,1,42
BRDA:216,16,0,8
BRDA:216,16,1,12
BRF:38
BRH:22
end_of_record
TN:
SF:/opt/jenkins/workspace/master/nuxeo-elements-master/ui/widgets/nuxeo-checkmark.js
FN:48,(anonymous_0)
FN:95,(anonymous_1)
FN:99,(anonymous_2)
FN:114,(anonymous_3)
FNF:4
FNH:3
FNDA:2,(anonymous_0)
FNDA:6,(anonymous_1)
FNDA:2,(anonymous_2)
FNDA:0,(anonymous_3)
DA:49,2
DA:96,6
DA:100,2
DA:115,0
DA:116,0
DA:121,2
DA:122,2
LF:7
LH:5
BRDA:115,0,0,0
BRDA:115,0,1,0
BRF:2
BRH:0
end_of_record
TN:
SF:/opt/jenkins/workspace/master/nuxeo-elements-master/ui/widgets/nuxeo-date-picker.js
FN:44,(anonymous_0)
FN:48,(anonymous_1)
FN:97,(anonymous_2)
FN:190,(anonymous_3)
FN:195,(anonymous_4)
FN:196,(anonymous_5)
FN:212,(anonymous_6)
FN:219,(anonymous_7)
FN:233,(anonymous_8)
FNF:9
FNH:7
FNDA:3,(anonymous_0)
FNDA:1,(anonymous_1)
FNDA:1,(anonymous_2)
FNDA:5,(anonymous_3)
FNDA:30,(anonymous_4)
FNDA:0,(anonymous_5)
FNDA:0,(anonymous_6)
FNDA:17,(anonymous_7)
FNDA:27,(anonymous_8)
DA:45,3
DA:49,1
DA:98,1
DA:191,5
DA:192,5
DA:195,30
DA:196,5
DA:197,0
DA:198,0
DA:204,5
DA:205,5
DA:206,5
DA:207,5
DA:208,5
DA:209,5
DA:213,0
DA:214,0
DA:216,0
DA:220,17
DA:221,6
DA:222,6
DA:224,11
DA:225,11
DA:226,11
DA:227,11
DA:229,0
DA:234,27
DA:235,16
DA:236,16
DA:237,4
DA:238,1
DA:239,1
DA:240,1
DA:241,1
DA:242,1
DA:244,0
DA:247,4
DA:249,12
DA:252,27
DA:257,1
DA:258,1
LF:41
LH:34
BRDA:192,0,0,0
BRDA:192,0,1,5
BRDA:213,1,0,0
BRDA:213,1,1,0
BRDA:220,2,0,6
BRDA:220,2,1,11
BRDA:225,3,0,11
BRDA:225,3,1,0
BRDA:225,4,0,11
BRDA:225,4,1,11
BRDA:234,5,0,16
BRDA:234,5,1,11
BRDA:234,6,0,27
BRDA:234,6,1,22
BRDA:236,7,0,4
BRDA:236,7,1,12
BRDA:237,8,0,1
BRDA:237,8,1,3
BRDA:239,9,0,1
BRDA:239,9,1,0
BRF:20
BRH:15
end_of_record
TN:
SF:/opt/jenkins/workspace/master/nuxeo-elements-master/ui/widgets/nuxeo-dialog.js
FN:29,(anonymous_0)
FN:51,(anonymous_1)
FN:75,(anonymous_2)
FN:79,(anonymous_3)
FN:92,(anonymous_4)
FN:97,(anonymous_5)
FN:105,(anonymous_6)
FN:124,(anonymous_7)
FNF:8
FNH:5
FNDA:0,(anonymous_0)
FNDA:4,(anonymous_1)
FNDA:12,(anonymous_2)
FNDA:4,(anonymous_3)
FNDA:60,(anonymous_4)
FNDA:60,(anonymous_5)
FNDA:0,(anonymous_6)
FNDA:0,(anonymous_7)
DA:29,4
DA:30,0
DA:31,0
DA:32,0
DA:52,4
DA:76,12
DA:80,4
DA:93,60
DA:94,60
DA:99,60
DA:100,60
DA:102,60
DA:106,0
DA:107,0
DA:108,0
DA:111,0
DA:112,0
DA:113,0
DA:115,0
DA:116,0
DA:118,0
DA:119,0
DA:125,0
DA:126,0
DA:131,4
DA:132,4
LF:26
LH:11
BRDA:31,0,0,0
BRDA:31,0,1,0
BRDA:99,1,0,60
BRDA:99,1,1,0
BRDA:107,2,0,0
BRDA:107,2,1,0
BRDA:107,3,0,0
BRDA:107,3,1,0
BRDA:107,3,2,0
BRDA:111,4,0,0
BRDA:111,4,1,0
BRDA:113,5,0,0
BRDA:113,5,1,0
BRDA:115,6,0,0
BRDA:115,6,1,0
BRDA:125,7,0,0
BRDA:125,7,1,0
BRF:17
BRH:1
end_of_record
TN:
SF:/opt/jenkins/workspace/master/nuxeo-elements-master/ui/widgets/nuxeo-directory-checkbox.js
FN:39,(anonymous_0)
FN:109,(anonymous_1)
FN:113,(anonymous_2)
FN:138,(anonymous_3)
FN:153,(anonymous_4)
FN:160,(anonymous_5)
FN:162,(anonymous_6)
FNF:7
FNH:6
FNDA:1,(anonymous_0)
FNDA:3,(anonymous_1)
FNDA:1,(anonymous_2)
FNDA:5,(anonymous_3)
FNDA:0,(anonymous_4)
FNDA:4,(anonymous_5)
FNDA:4,(anonymous_6)
DA:40,1
DA:110,3
DA:114,1
DA:139,5
DA:140,5
DA:141,5
DA:142,5
DA:143,4
DA:144,4
DA:145,4
DA:148,5
DA:149,5
DA:154,0
DA:155,0
DA:157,0
DA:161,4
DA:162,4
DA:163,4
DA:164,1
DA:165,1
DA:167,3
DA:172,1
DA:173,1
LF:23
LH:20
BRDA:141,0,0,5
BRDA:141,0,1,0
BRDA:154,1,0,0
BRDA:154,1,1,0
BRDA:155,2,0,0
BRDA:155,2,1,0
BRDA:161,3,0,4
BRDA:161,3,1,0
BRDA:162,4,0,4
BRDA:162,4,1,4
BRDA:163,5,0,1
BRDA:163,5,1,3
BRF:12
BRH:6
end_of_record
TN:
SF:/opt/jenkins/workspace/master/nuxeo-elements-master/ui/widgets/nuxeo-directory-radio-group.js
FN:37,(anonymous_0)
FN:101,(anonymous_1)
FN:105,(anonymous_2)
FN:127,(anonymous_3)
FN:135,(anonymous_4)
FN:142,(anonymous_5)
FNF:6
FNH:5
FNDA:1,(anonymous_0)
FNDA:3,(anonymous_1)
FNDA:1,(anonymous_2)
FNDA:3,(anonymous_3)
FNDA:0,(anonymous_4)
FNDA:4,(anonymous_5)
DA:38,1
DA:102,3
DA:106,1
DA:128,3
DA:129,2
DA:130,2
DA:136,0
DA:137,0
DA:139,0
DA:143,4
DA:144,4
DA:145,1
DA:146,1
DA:148,3
DA:152,1
DA:153,1
LF:16
LH:13
BRDA:128,0,0,2
BRDA:128,0,1,1
BRDA:128,1,0,3
BRDA:128,1,1,3
BRDA:136,2,0,0
BRDA:136,2,1,0
BRDA:143,3,0,4
BRDA:143,3,1,0
BRDA:144,4,0,1
BRDA:144,4,1,3
BRDA:144,5,0,4
BRDA:144,5,1,4
BRF:12
BRH:9
end_of_record
TN:
SF:/opt/jenkins/workspace/master/nuxeo-elements-master/ui/widgets/nuxeo-directory-suggestion.js
FN:46,(anonymous_0)
FN:83,(anonymous_1)
FN:87,(anonymous_2)
FN:243,(anonymous_3)
FN:247,(anonymous_4)
FN:257,(anonymous_5)
FN:261,(anonymous_6)
FN:276,(anonymous_7)
FNF:8
FNH:5
FNDA:1,(anonymous_0)
FNDA:3,(anonymous_1)
FNDA:1,(anonymous_2)
FNDA:0,(anonymous_3)
FNDA:2,(anonymous_4)
FNDA:0,(anonymous_5)
FNDA:0,(anonymous_6)
FNDA:3,(anonymous_7)
DA:47,1
DA:84,3
DA:88,1
DA:164,1
DA:213,1
DA:231,1
DA:244,0
DA:248,2
DA:258,0
DA:262,0
DA:263,0
DA:264,0
DA:270,0
DA:277,3
DA:281,1
DA:282,1
LF:16
LH:10
BRDA:253,0,0,0
BRDA:253,0,1,2
BRDA:258,1,0,0
BRDA:258,1,1,0
BRDA:262,2,0,0
BRDA:262,2,1,0
BRDA:262,3,0,0
BRDA:262,3,1,0
BRDA:262,3,2,0
BRDA:263,4,0,0
BRDA:263,4,1,0
BRDA:277,5,0,3
BRDA:277,5,1,1
BRDA:277,5,2,1
BRF:14
BRH:4
end_of_record
TN:
SF:/opt/jenkins/workspace/master/nuxeo-elements-master/ui/widgets/nuxeo-directory-widget-behavior.js
FN:104,(anonymous_0)
FN:112,(anonymous_1)
FN:114,(anonymous_2)
FN:140,(anonymous_3)
FNF:4
FNH:3
FNDA:2,(anonymous_0)
FNDA:2,(anonymous_1)
FNDA:8,(anonymous_2)
FNDA:0,(anonymous_3)
DA:27,1
DA:69,2
DA:84,2
DA:102,2
DA:103,2
DA:104,2
DA:105,2
DA:112,2
DA:113,2
DA:114,2
DA:115,8
DA:117,2
DA:127,8
DA:131,32
DA:135,8
DA:136,8
DA:137,8
DA:139,8
DA:140,0
DA:141,0
LF:20
LH:18
BRDA:102,0,0,2
BRDA:102,0,1,0
BRDA:110,1,0,0
BRDA:110,1,1,2
BRDA:127,2,0,8
BRDA:127,2,1,0
BRDA:131,3,0,32
BRDA:131,3,1,0
BRDA:131,3,2,0
BRDA:135,4,0,8
BRDA:135,4,1,0
BRDA:135,5,0,8
BRDA:135,5,1,8
BRDA:139,6,0,0
BRDA:139,6,1,8
BRF:15
BRH:8
end_of_record
TN:
SF:/opt/jenkins/workspace/master/nuxeo-elements-master/ui/widgets/nuxeo-document-suggestion.js
FN:41,(anonymous_0)
FN:81,(anonymous_1)
FN:85,(anonymous_2)
FN:260,(anonymous_3)
FN:264,(anonymous_4)
FN:275,(anonymous_5)
FN:282,(anonymous_6)
FN:287,(anonymous_7)
FN:312,(anonymous_8)
FN:317,(anonymous_9)
FN:326,(anonymous_10)
FNF:11
FNH:8
FNDA:2,(anonymous_0)
FNDA:6,(anonymous_1)
FNDA:2,(anonymous_2)
FNDA:0,(anonymous_3)
FNDA:2,(anonymous_4)
FNDA:0,(anonymous_5)
FNDA:0,(anonymous_6)
FNDA:2,(anonymous_7)
FNDA:2,(anonymous_8)
FNDA:2,(anonymous_9)
FNDA:2,(anonymous_10)
DA:42,2
DA:82,6
DA:86,2
DA:206,2
DA:216,2
DA:235,2
DA:245,2
DA:261,0
DA:265,2
DA:276,0
DA:277,0
DA:279,0
DA:283,0
DA:288,2
DA:289,2
DA:290,0
DA:291,0
DA:292,0
DA:293,0
DA:294,0
DA:297,0
DA:299,2
DA:300,0
DA:301,2
DA:302,2
DA:303,2
DA:305,0
DA:308,0
DA:313,2
DA:317,2
DA:318,2
DA:319,0
DA:321,2
DA:327,2
DA:328,0
DA:330,2
DA:334,2
DA:335,2
LF:38
LH:22
BRDA:276,0,0,0
BRDA:276,0,1,0
BRDA:288,1,0,2
BRDA:288,1,1,0
BRDA:289,2,0,0
BRDA:289,2,1,2
BRDA:290,3,0,0
BRDA:290,3,1,0
BRDA:291,4,0,0
BRDA:291,4,1,0
BRDA:293,5,0,0
BRDA:293,5,1,0
BRDA:293,6,0,0
BRDA:293,6,1,0
BRDA:299,7,0,0
BRDA:299,7,1,2
BRDA:301,8,0,2
BRDA:301,8,1,0
BRDA:302,9,0,2
BRDA:302,9,1,0
BRDA:318,10,0,0
BRDA:318,10,1,2
BRDA:321,11,0,2
BRDA:321,11,1,0
BRDA:327,12,0,0
BRDA:327,12,1,2
BRDA:330,13,0,2
BRDA:330,13,1,0
BRF:28
BRH:9
end_of_record
TN:
SF:/opt/jenkins/workspace/master/nuxeo-elements-master/ui/widgets/nuxeo-file.js
FN:45,(anonymous_0)
FN:161,(anonymous_1)
FN:165,(anonymous_2)
FN:213,(anonymous_3)
FN:220,(anonymous_4)
FN:225,(anonymous_5)
FN:229,(anonymous_6)
FN:233,(anonymous_7)
FN:253,(anonymous_8)
FN:262,(anonymous_9)
FN:266,(anonymous_10)
FN:270,(anonymous_11)
FN:274,(anonymous_12)
FN:278,(anonymous_13)
FNF:14
FNH:7
FNDA:2,(anonymous_0)
FNDA:6,(anonymous_1)
FNDA:2,(anonymous_2)
FNDA:16,(anonymous_3)
FNDA:16,(anonymous_4)
FNDA:0,(anonymous_5)
FNDA:0,(anonymous_6)
FNDA:0,(anonymous_7)
FNDA:0,(anonymous_8)
FNDA:0,(anonymous_9)
FNDA:0,(anonymous_10)
FNDA:0,(anonymous_11)
FNDA:16,(anonymous_12)
FNDA:16,(anonymous_13)
DA:46,2
DA:162,6
DA:166,2
DA:214,16
DA:215,16
DA:216,16
DA:217,16
DA:221,16
DA:222,16
DA:226,0
DA:230,0
DA:234,0
DA:235,0
DA:236,0
DA:238,0
DA:239,0
DA:246,0
DA:254,0
DA:255,0
DA:257,0
DA:258,0
DA:263,0
DA:267,0
DA:271,0
DA:275,16
DA:279,16
DA:283,2
DA:284,2
LF:28
LH:13
BRDA:234,0,0,0
BRDA:234,0,1,0
BRDA:235,1,0,0
BRDA:235,1,1,0
BRDA:235,2,0,0
BRDA:235,2,1,0
BRDA:254,3,0,0
BRDA:254,3,1,0
BRDA:263,4,0,0
BRDA:263,4,1,0
BRDA:263,4,2,0
BRDA:267,5,0,0
BRDA:267,5,1,0
BRDA:267,5,2,0
BRDA:271,6,0,0
BRDA:271,6,1,0
BRDA:275,7,0,16
BRDA:275,7,1,16
BRDA:279,8,0,0
BRDA:279,8,1,16
BRDA:279,9,0,0
BRDA:279,9,1,0
BRF:22
BRH:3
end_of_record
TN:
SF:/opt/jenkins/workspace/master/nuxeo-elements-master/ui/widgets/nuxeo-input.js
FN:35,(anonymous_0)
FN:93,(anonymous_1)
FN:97,(anonymous_2)
FN:213,(anonymous_3)
FN:218,(anonymous_4)
FNF:5
FNH:4
FNDA:2,(anonymous_0)
FNDA:6,(anonymous_1)
FNDA:2,(anonymous_2)
FNDA:0,(anonymous_3)
FNDA:12,(anonymous_4)
DA:36,2
DA:94,6
DA:98,2
DA:214,0
DA:219,12
DA:223,2
DA:224,2
LF:7
LH:6
BRF:0
BRH:0
end_of_record
TN:
SF:/opt/jenkins/workspace/master/nuxeo-elements-master/ui/widgets/nuxeo-selectivity.js
FN:33,(anonymous_0)
FN:33,(anonymous_1)
FN:36,e
FN:36,s
FN:36,(anonymous_4)
FN:37,(anonymous_5)
FN:46,(anonymous_6)
FN:57,apply
FN:70,(anonymous_8)
FN:92,arrayLikeKeys
FN:123,(anonymous_10)
FN:133,arrayMap
FN:147,(anonymous_12)
FN:167,assignValue
FN:178,(anonymous_14)
FN:190,baseAssignValue
FN:206,(anonymous_16)
FN:225,baseGetTag
FN:237,(anonymous_18)
FN:251,baseIsArguments
FN:258,(anonymous_20)
FN:296,baseIsNative
FN:309,(anonymous_22)
FN:364,baseIsTypedArray
FN:372,(anonymous_24)
FN:389,baseKeys
FN:405,(anonymous_26)
FN:413,basePropertyOf
FN:414,(anonymous_28)
FN:422,(anonymous_29)
FN:435,baseRest
FN:442,(anonymous_31)
FN:455,(anonymous_32)
FN:467,(anonymous_33)
FN:477,baseTimes
FN:490,(anonymous_35)
FN:511,baseToString
FN:532,(anonymous_37)
FN:540,baseUnary
FN:541,(anonymous_39)
FN:549,(anonymous_40)
FN:563,copyObject
FN:592,(anonymous_42)
FN:601,(anonymous_43)
FN:612,createAssigner
FN:613,(anonymous_45)
FN:641,(anonymous_46)
FN:644,(anonymous_47)
FN:655,(anonymous_48)
FN:679,(anonymous_49)
FN:680,(anonymous_50)
FN:688,(anonymous_51)
FN:700,getNative
FN:708,(anonymous_53)
FN:734,getRawTag
FN:757,(anonymous_55)
FN:766,getValue
FN:773,(anonymous_57)
FN:788,isIndex
FN:798,(anonymous_59)
FN:814,isIterateeCall
FN:833,(anonymous_61)
FN:837,(anonymous_62)
FN:849,isMasked
FN:856,(anonymous_64)
FN:867,isPrototype
FN:877,(anonymous_66)
FN:886,(anonymous_67)
FN:902,(anonymous_68)
FN:911,(anonymous_69)
FN:929,objectToString
FN:936,(anonymous_71)
FN:945,overArg
FN:946,(anonymous_73)
FN:954,(anonymous_74)
FN:969,overRest
FN:971,(anonymous_76)
FN:993,(anonymous_77)
FN:1005,(anonymous_78)
FN:1022,(anonymous_79)
FN:1039,shortOut
FN:1043,(anonymous_81)
FN:1062,(anonymous_82)
FN:1076,toSource
FN:1091,(anonymous_84)
FN:1137,(anonymous_85)
FN:1154,(anonymous_86)
FN:1174,constant
FN:1175,(anonymous_88)
FN:1183,(anonymous_89)
FN:1249,debounce
FN:1272,invokeFunc
FN:1282,leadingEdge
FN:1291,remainingWait
FN:1299,shouldInvoke
FN:1310,timerExpired
FN:1319,trailingEdge
FN:1331,cancel
FN:1339,flush
FN:1343,debounced
FN:1374,(anonymous_100)
FN:1407,eq
FN:1414,(anonymous_102)
FN:1450,escape
FN:1460,(anonymous_104)
FN:1477,identity
FN:1484,(anonymous_106)
FN:1515,(anonymous_107)
FN:1515,(anonymous_108)
FN:1523,(anonymous_109)
FN:1552,(anonymous_110)
FN:1581,isArrayLike
FN:1588,(anonymous_112)
FN:1629,(anonymous_113)
FN:1656,isFunction
FN:1669,(anonymous_115)
FN:1699,isLength
FN:1707,(anonymous_117)
FN:1733,isObject
FN:1741,(anonymous_119)
FN:1766,isObjectLike
FN:1773,(anonymous_121)
FN:1798,isString
FN:1806,(anonymous_123)
FN:1830,isSymbol
FN:1838,(anonymous_125)
FN:1868,(anonymous_126)
FN:1901,keys
FN:1908,(anonymous_128)
FN:1927,(anonymous_129)
FN:1934,(anonymous_130)
FN:1948,stubFalse
FN:1955,(anonymous_132)
FN:2000,toNumber
FN:2024,(anonymous_134)
FN:2048,toString
FN:2055,(anonymous_136)
FN:2077,findClosestElementMatchingSelector
FN:2096,SelectivityDropdown
FN:2253,(anonymous_139)
FN:2292,(anonymous_140)
FN:2321,(anonymous_141)
FN:2322,(anonymous_142)
FN:2327,(anonymous_143)
FN:2485,findFirstItem
FN:2606,(anonymous_145)
FN:2616,prevent
FN:2641,(anonymous_147)
FN:2657,EventListener
FN:2674,(anonymous_149)
FN:2771,(anonymous_150)
FN:2777,callAll
FN:2807,(anonymous_152)
FN:2815,isValidEmail
FN:2831,lastWord
FN:2841,stripEnclosure
FN:2849,createEmailItem
FN:2861,emailTokenizer
FN:2862,hasToken
FN:2889,takeToken
FN:2933,EmailInput
FN:2946,(anonymous_161)
FN:2959,(anonymous_162)
FN:2985,MultipleInput
FN:3049,(anonymous_164)
FN:3083,(anonymous_165)
FN:3095,(anonymous_166)
FN:3110,(anonymous_167)
FN:3122,(anonymous_168)
FN:3337,(anonymous_169)
FN:3396,(anonymous_170)
FN:3484,(anonymous_171)
FN:3495,SingleInput
FN:3692,(anonymous_173)
FN:3728,(anonymous_174)
FN:3736,addUrlParam
FN:3740,pick
FN:3742,(anonymous_177)
FN:3750,doFetch
FN:3778,(anonymous_179)
FN:3787,(anonymous_180)
FN:3794,(anonymous_181)
FN:3803,(anonymous_182)
FN:3808,(anonymous_183)
FN:3821,(anonymous_184)
FN:3832,(anonymous_185)
FN:3835,(anonymous_186)
FN:3841,(anonymous_187)
FN:3846,(anonymous_188)
FN:3858,(anonymous_189)
FN:4713,(anonymous_190)
FN:4723,(anonymous_191)
FN:4740,listener
FN:4749,moveHighlight
FN:4757,scrollToHighlight
FN:4800,keyHeld
FN:4822,(anonymous_196)
FN:4831,keyReleased
FN:4832,open
FN:4884,(anonymous_199)
FN:4916,(anonymous_200)
FN:4926,(anonymous_201)
FN:4942,(anonymous_202)
FN:4953,SubmenuPlugin
FN:5064,setSelectable
FN:5179,(anonymous_205)
FN:5186,defaultTokenizer
FN:5189,(anonymous_207)
FN:5195,hasToken
FN:5197,(anonymous_209)
FN:5201,takeToken
FN:5238,(anonymous_211)
FN:5247,(anonymous_212)
FN:5252,(anonymous_213)
FN:5277,Selectivity
FN:5504,(anonymous_215)
FN:5509,(anonymous_216)
FN:5680,(anonymous_217)
FN:5718,(anonymous_218)
FN:5736,(anonymous_219)
FN:5928,(anonymous_220)
FN:5941,(anonymous_221)
FN:5959,(anonymous_222)
FN:5989,(anonymous_223)
FN:5996,(anonymous_224)
FN:6009,(anonymous_225)
FN:6024,(anonymous_226)
FN:6030,(anonymous_227)
FN:6031,(anonymous_228)
FN:6048,(anonymous_229)
FN:6069,(anonymous_230)
FN:6085,(anonymous_231)
FN:6094,(anonymous_232)
FN:6411,(anonymous_233)
FN:6422,(anonymous_234)
FN:6434,(anonymous_235)
FN:6443,(anonymous_236)
FN:6449,(anonymous_237)
FN:6455,(anonymous_238)
FN:6460,(anonymous_239)
FN:6466,(anonymous_240)
FN:6473,(anonymous_241)
FN:6481,(anonymous_242)
FN:6488,(anonymous_243)
FN:6496,(anonymous_244)
FN:6503,(anonymous_245)
FN:6511,(anonymous_246)
FN:6516,(anonymous_247)
FN:6526,(anonymous_248)
FN:6558,(anonymous_249)
FN:6562,(anonymous_250)
FN:6775,(anonymous_251)
FN:7077,(anonymous_252)
FN:7087,(anonymous_253)
FN:7090,(anonymous_254)
FN:7099,(anonymous_255)
FN:7104,(anonymous_256)
FN:7108,(anonymous_257)
FN:7114,(anonymous_258)
FN:7119,(anonymous_259)
FN:7129,(anonymous_260)
FN:7156,(anonymous_261)
FN:7164,(anonymous_262)
FN:7173,(anonymous_263)
FN:7182,(anonymous_264)
FN:7191,(anonymous_265)
FN:7198,(anonymous_266)
FN:7205,(anonymous_267)
FN:7212,(anonymous_268)
FN:7224,(anonymous_269)
FN:7231,(anonymous_270)
FN:7251,(anonymous_271)
FN:7265,(anonymous_272)
FN:7271,(anonymous_273)
FN:7275,(anonymous_274)
FN:7281,(anonymous_275)
FN:7285,(anonymous_276)
FN:7289,(anonymous_277)
FN:7293,(anonymous_278)
FN:7297,(anonymous_279)
FN:7298,(anonymous_280)
FN:7308,(anonymous_281)
FN:7312,(anonymous_282)
FN:7316,(anonymous_283)
FN:7321,(anonymous_284)
FN:7327,(anonymous_285)
FN:7339,(anonymous_286)
FN:7355,(anonymous_287)
FNF:288
FNH:197
FNDA:7,(anonymous_0)
FNDA:7,(anonymous_1)
FNDA:7,e
FNDA:1085,s
FNDA:1071,(anonymous_4)
FNDA:7,(anonymous_5)
FNDA:7,(anonymous_6)
FNDA:155,apply
FNDA:7,(anonymous_8)
FNDA:0,arrayLikeKeys
FNDA:7,(anonymous_10)
FNDA:0,arrayMap
FNDA:7,(anonymous_12)
FNDA:1365,assignValue
FNDA:7,(anonymous_14)
FNDA:1362,baseAssignValue
FNDA:7,(anonymous_16)
FNDA:50,baseGetTag
FNDA:7,(anonymous_18)
FNDA:7,baseIsArguments
FNDA:7,(anonymous_20)
FNDA:7,baseIsNative
FNDA:7,(anonymous_22)
FNDA:0,baseIsTypedArray
FNDA:7,(anonymous_24)
FNDA:0,baseKeys
FNDA:7,(anonymous_26)
FNDA:7,basePropertyOf
FNDA:0,(anonymous_28)
FNDA:7,(anonymous_29)
FNDA:7,baseRest
FNDA:7,(anonymous_31)
FNDA:7,(anonymous_32)
FNDA:7,(anonymous_33)
FNDA:0,baseTimes
FNDA:7,(anonymous_35)
FNDA:19,baseToString
FNDA:7,(anonymous_37)
FNDA:0,baseUnary
FNDA:0,(anonymous_39)
FNDA:7,(anonymous_40)
FNDA:0,copyObject
FNDA:7,(anonymous_42)
FNDA:7,(anonymous_43)
FNDA:7,createAssigner
FNDA:155,(anonymous_45)
FNDA:7,(anonymous_46)
FNDA:7,(anonymous_47)
FNDA:7,(anonymous_48)
FNDA:7,(anonymous_49)
FNDA:7,(anonymous_50)
FNDA:7,(anonymous_51)
FNDA:7,getNative
FNDA:7,(anonymous_53)
FNDA:0,getRawTag
FNDA:7,(anonymous_55)
FNDA:7,getValue
FNDA:7,(anonymous_57)
FNDA:0,isIndex
FNDA:7,(anonymous_59)
FNDA:0,isIterateeCall
FNDA:7,(anonymous_61)
FNDA:7,(anonymous_62)
FNDA:7,isMasked
FNDA:7,(anonymous_64)
FNDA:152,isPrototype
FNDA:7,(anonymous_66)
FNDA:7,(anonymous_67)
FNDA:7,(anonymous_68)
FNDA:7,(anonymous_69)
FNDA:50,objectToString
FNDA:7,(anonymous_71)
FNDA:7,overArg
FNDA:0,(anonymous_73)
FNDA:7,(anonymous_74)
FNDA:7,overRest
FNDA:155,(anonymous_76)
FNDA:7,(anonymous_77)
FNDA:7,(anonymous_78)
FNDA:7,(anonymous_79)
FNDA:7,shortOut
FNDA:7,(anonymous_81)
FNDA:7,(anonymous_82)
FNDA:7,toSource
FNDA:7,(anonymous_84)
FNDA:152,(anonymous_85)
FNDA:7,(anonymous_86)
FNDA:7,constant
FNDA:0,(anonymous_88)
FNDA:7,(anonymous_89)
FNDA:0,debounce
FNDA:0,invokeFunc
FNDA:0,leadingEdge
FNDA:0,remainingWait
FNDA:0,shouldInvoke
FNDA:0,timerExpired
FNDA:0,trailingEdge
FNDA:0,cancel
FNDA:0,flush
FNDA:0,debounced
FNDA:7,(anonymous_100)
FNDA:50,eq
FNDA:7,(anonymous_102)
FNDA:21,escape
FNDA:7,(anonymous_104)
FNDA:155,identity
FNDA:7,(anonymous_106)
FNDA:7,(anonymous_107)
FNDA:0,(anonymous_108)
FNDA:7,(anonymous_109)
FNDA:7,(anonymous_110)
FNDA:152,isArrayLike
FNDA:7,(anonymous_112)
FNDA:7,(anonymous_113)
FNDA:7,isFunction
FNDA:7,(anonymous_115)
FNDA:152,isLength
FNDA:7,(anonymous_117)
FNDA:14,isObject
FNDA:7,(anonymous_119)
FNDA:123,isObjectLike
FNDA:7,(anonymous_121)
FNDA:331,isString
FNDA:7,(anonymous_123)
FNDA:0,isSymbol
FNDA:7,(anonymous_125)
FNDA:7,(anonymous_126)
FNDA:0,keys
FNDA:7,(anonymous_128)
FNDA:0,(anonymous_129)
FNDA:7,(anonymous_130)
FNDA:0,stubFalse
FNDA:7,(anonymous_132)
FNDA:0,toNumber
FNDA:7,(anonymous_134)
FNDA:21,toString
FNDA:7,(anonymous_136)
FNDA:0,findClosestElementMatchingSelector
FNDA:1,SelectivityDropdown
FNDA:0,(anonymous_139)
FNDA:3,(anonymous_140)
FNDA:0,(anonymous_141)
FNDA:0,(anonymous_142)
FNDA:1,(anonymous_143)
FNDA:1,findFirstItem
FNDA:0,(anonymous_145)
FNDA:0,prevent
FNDA:7,(anonymous_147)
FNDA:12,EventListener
FNDA:0,(anonymous_149)
FNDA:10,(anonymous_150)
FNDA:23,callAll
FNDA:7,(anonymous_152)
FNDA:0,isValidEmail
FNDA:0,lastWord
FNDA:0,stripEnclosure
FNDA:0,createEmailItem
FNDA:0,emailTokenizer
FNDA:0,hasToken
FNDA:0,takeToken
FNDA:0,EmailInput
FNDA:0,(anonymous_161)
FNDA:7,(anonymous_162)
FNDA:0,MultipleInput
FNDA:0,(anonymous_164)
FNDA:0,(anonymous_165)
FNDA:0,(anonymous_166)
FNDA:0,(anonymous_167)
FNDA:0,(anonymous_168)
FNDA:0,(anonymous_169)
FNDA:0,(anonymous_170)
FNDA:7,(anonymous_171)
FNDA:11,SingleInput
FNDA:7,(anonymous_173)
FNDA:7,(anonymous_174)
FNDA:0,addUrlParam
FNDA:0,pick
FNDA:0,(anonymous_177)
FNDA:0,doFetch
FNDA:0,(anonymous_179)
FNDA:0,(anonymous_180)
FNDA:0,(anonymous_181)
FNDA:13,(anonymous_182)
FNDA:0,(anonymous_183)
FNDA:7,(anonymous_184)
FNDA:13,(anonymous_185)
FNDA:1,(anonymous_186)
FNDA:1,(anonymous_187)
FNDA:0,(anonymous_188)
FNDA:7,(anonymous_189)
FNDA:0,(anonymous_190)
FNDA:7,(anonymous_191)
FNDA:1,listener
FNDA:0,moveHighlight
FNDA:0,scrollToHighlight
FNDA:0,keyHeld
FNDA:0,(anonymous_196)
FNDA:0,keyReleased
FNDA:0,open
FNDA:7,(anonymous_199)
FNDA:13,(anonymous_200)
FNDA:97,(anonymous_201)
FNDA:7,(anonymous_202)
FNDA:1,SubmenuPlugin
FNDA:3,setSelectable
FNDA:7,(anonymous_205)
FNDA:0,defaultTokenizer
FNDA:0,(anonymous_207)
FNDA:0,hasToken
FNDA:0,(anonymous_209)
FNDA:0,takeToken
FNDA:13,(anonymous_211)
FNDA:7,(anonymous_212)
FNDA:7,(anonymous_213)
FNDA:11,Selectivity
FNDA:1,(anonymous_215)
FNDA:0,(anonymous_216)
FNDA:52,(anonymous_217)
FNDA:12,(anonymous_218)
FNDA:12,(anonymous_219)
FNDA:0,(anonymous_220)
FNDA:0,(anonymous_221)
FNDA:0,(anonymous_222)
FNDA:28,(anonymous_223)
FNDA:7,(anonymous_224)
FNDA:50,(anonymous_225)
FNDA:0,(anonymous_226)
FNDA:0,(anonymous_227)
FNDA:0,(anonymous_228)
FNDA:13,(anonymous_229)
FNDA:4,(anonymous_230)
FNDA:0,(anonymous_231)
FNDA:7,(anonymous_232)
FNDA:7,(anonymous_233)
FNDA:0,(anonymous_234)
FNDA:7,(anonymous_235)
FNDA:1,(anonymous_236)
FNDA:7,(anonymous_237)
FNDA:0,(anonymous_238)
FNDA:7,(anonymous_239)
FNDA:23,(anonymous_240)
FNDA:7,(anonymous_241)
FNDA:1,(anonymous_242)
FNDA:7,(anonymous_243)
FNDA:1,(anonymous_244)
FNDA:7,(anonymous_245)
FNDA:10,(anonymous_246)
FNDA:7,(anonymous_247)
FNDA:4,(anonymous_248)
FNDA:21,(anonymous_249)
FNDA:7,(anonymous_250)
FNDA:7,(anonymous_251)
FNDA:11,(anonymous_252)
FNDA:12,(anonymous_253)
FNDA:12,(anonymous_254)
FNDA:12,(anonymous_255)
FNDA:0,(anonymous_256)
FNDA:2,(anonymous_257)
FNDA:1,(anonymous_258)
FNDA:12,(anonymous_259)
FNDA:0,(anonymous_260)
FNDA:1,(anonymous_261)
FNDA:1,(anonymous_262)
FNDA:0,(anonymous_263)
FNDA:2,(anonymous_264)
FNDA:11,(anonymous_265)
FNDA:6,(anonymous_266)
FNDA:10,(anonymous_267)
FNDA:10,(anonymous_268)
FNDA:10,(anonymous_269)
FNDA:0,(anonymous_270)
FNDA:26,(anonymous_271)
FNDA:2,(anonymous_272)
FNDA:11,(anonymous_273)
FNDA:11,(anonymous_274)
FNDA:50,(anonymous_275)
FNDA:0,(anonymous_276)
FNDA:10,(anonymous_277)
FNDA:2,(anonymous_278)
FNDA:3,(anonymous_279)
FNDA:13,(anonymous_280)
FNDA:1,(anonymous_281)
FNDA:12,(anonymous_282)
FNDA:1,(anonymous_283)
FNDA:1,(anonymous_284)
FNDA:0,(anonymous_285)
FNDA:27,(anonymous_286)
FNDA:1,(anonymous_287)
DA:33,7
DA:36,1085
DA:38,7
DA:41,7
DA:43,7
DA:58,155
DA:59,0
DA:60,0
DA:61,155
DA:62,0
DA:64,0
DA:67,7
DA:71,7
DA:72,7
DA:73,7
DA:74,7
DA:75,7
DA:76,7
DA:79,7
DA:82,7
DA:93,0
DA:94,0
DA:95,0
DA:96,0
DA:97,0
DA:98,0
DA:99,0
DA:101,0
DA:102,0
DA:112,0
DA:115,0
DA:118,7
DA:134,0
DA:135,0
DA:136,0
DA:138,0
DA:139,0
DA:141,0
DA:144,7
DA:148,7
DA:149,7
DA:152,7
DA:155,7
DA:168,1365
DA:169,1365
DA:171,1362
DA:175,7
DA:179,7
DA:191,1362
DA:192,0
DA:199,1362
DA:203,7
DA:207,7
DA:208,7
DA:209,7
DA:212,7
DA:213,7
DA:216,7
DA:226,50
DA:227,0
DA:229,50
DA:234,7
DA:238,7
DA:239,7
DA:242,7
DA:252,7
DA:255,7
DA:259,7
DA:260,7
DA:261,7
DA:262,7
DA:268,7
DA:271,7
DA:274,7
DA:275,7
DA:278,7
DA:281,7
DA:284,7
DA:297,7
DA:298,0
DA:300,7
DA:301,7
DA:304,7
DA:310,7
DA:311,7
DA:312,7
DA:315,7
DA:316,7
DA:317,7
DA:318,7
DA:319,7
DA:320,7
DA:321,7
DA:322,7
DA:323,7
DA:324,7
DA:325,7
DA:326,7
DA:327,7
DA:329,7
DA:330,7
DA:331,7
DA:332,7
DA:333,7
DA:334,7
DA:335,7
DA:336,7
DA:337,7
DA:338,7
DA:339,7
DA:342,7
DA:343,7
DA:348,7
DA:365,0
DA:369,7
DA:373,7
DA:374,7
DA:377,7
DA:380,7
DA:390,0
DA:391,0
DA:393,0
DA:394,0
DA:395,0
DA:396,0
DA:399,0
DA:402,7
DA:414,7
DA:415,0
DA:419,7
DA:423,7
DA:424,7
DA:425,7
DA:436,7
DA:439,7
DA:443,7
DA:444,7
DA:445,7
DA:455,7
DA:456,7
DA:464,7
DA:478,0
DA:479,0
DA:481,0
DA:482,0
DA:484,0
DA:487,7
DA:491,7
DA:492,7
DA:493,7
DA:494,7
DA:497,7
DA:500,7
DA:501,7
DA:513,19
DA:514,19
DA:516,0
DA:518,0
DA:520,0
DA:521,0
DA:523,0
DA:524,0
DA:527,7
DA:541,0
DA:542,0
DA:546,7
DA:550,7
DA:551,7
DA:564,0
DA:565,0
DA:567,0
DA:568,0
DA:570,0
DA:571,0
DA:573,0
DA:577,0
DA:578,0
DA:580,0
DA:581,0
DA:583,0
DA:586,0
DA:589,7
DA:593,7
DA:596,7
DA:598,7
DA:602,7
DA:603,7
DA:613,7
DA:614,155
DA:615,155
DA:616,155
DA:617,155
DA:619,155
DA:623,155
DA:624,0
DA:625,0
DA:627,155
DA:628,155
DA:629,183
DA:630,183
DA:631,152
DA:634,155
DA:638,7
DA:642,7
DA:644,7
DA:645,7
DA:646,7
DA:647,7
DA:648,7
DA:652,7
DA:656,7
DA:659,7
DA:674,7
DA:676,7
DA:680,7
DA:682,7
DA:684,7
DA:689,7
DA:690,7
DA:701,7
DA:702,7
DA:705,7
DA:709,7
DA:712,7
DA:715,7
DA:722,7
DA:725,7
DA:735,0
DA:736,0
DA:738,0
DA:739,0
DA:740,0
DA:743,0
DA:744,0
DA:745,0
DA:746,0
DA:748,0
DA:751,0
DA:754,7
DA:767,7
DA:770,7
DA:775,7
DA:778,7
DA:789,0
DA:790,0
DA:795,7
DA:799,7
DA:800,7
DA:801,7
DA:802,7
DA:815,0
DA:816,0
DA:818,0
DA:819,0
DA:823,0
DA:825,0
DA:828,7
DA:834,7
DA:837,7
DA:838,7
DA:839,7
DA:850,7
DA:853,7
DA:858,7
DA:868,152
DA:869,152
DA:871,152
DA:874,7
DA:878,7
DA:881,7
DA:883,7
DA:887,7
DA:890,7
DA:893,7
DA:896,7
DA:899,7
DA:902,7
DA:903,7
DA:904,7
DA:908,7
DA:913,7
DA:920,7
DA:930,50
DA:933,7
DA:946,7
DA:947,0
DA:951,7
DA:955,7
DA:958,7
DA:970,7
DA:971,7
DA:972,155
DA:973,155
DA:974,155
DA:975,155
DA:977,155
DA:978,183
DA:980,155
DA:981,155
DA:982,155
DA:983,155
DA:985,155
DA:986,155
DA:990,7
DA:994,7
DA:997,7
DA:1000,7
DA:1002,7
DA:1006,7
DA:1007,7
DA:1017,7
DA:1019,7
DA:1024,7
DA:1025,7
DA:1028,7
DA:1040,7
DA:1041,7
DA:1043,7
DA:1044,7
DA:1045,7
DA:1047,7
DA:1048,7
DA:1049,0
DA:1050,0
DA:1053,7
DA:1055,7
DA:1059,7
DA:1064,7
DA:1067,7
DA:1077,7
DA:1078,7
DA:1079,7
DA:1081,0
DA:1082,0
DA:1085,0
DA:1088,7
DA:1092,7
DA:1093,7
DA:1094,7
DA:1095,7
DA:1096,7
DA:1097,7
DA:1100,7
DA:1103,7
DA:1137,7
DA:1138,152
DA:1139,0
DA:1140,0
DA:1142,152
DA:1143,1365
DA:1144,1365
DA:1149,7
DA:1175,7
DA:1176,0
DA:1180,7
DA:1184,7
DA:1185,7
DA:1186,7
DA:1189,7
DA:1192,7
DA:1193,7
DA:1256,0
DA:1257,0
DA:1258,0
DA:1259,0
DA:1261,0
DA:1262,0
DA:1264,0
DA:1265,0
DA:1266,0
DA:1267,0
DA:1268,0
DA:1269,0
DA:1273,0
DA:1274,0
DA:1276,0
DA:1277,0
DA:1278,0
DA:1279,0
DA:1284,0
DA:1286,0
DA:1288,0
DA:1292,0
DA:1293,0
DA:1294,0
DA:1296,0
DA:1300,0
DA:1301,0
DA:1306,0
DA:1311,0
DA:1312,0
DA:1313,0
DA:1316,0
DA:1320,0
DA:1324,0
DA:1325,0
DA:1327,0
DA:1328,0
DA:1332,0
DA:1333,0
DA:1335,0
DA:1336,0
DA:1340,0
DA:1344,0
DA:1345,0
DA:1347,0
DA:1348,0
DA:1349,0
DA:1351,0
DA:1352,0
DA:1353,0
DA:1355,0
DA:1357,0
DA:1358,0
DA:1361,0
DA:1362,0
DA:1364,0
DA:1366,0
DA:1367,0
DA:1368,0
DA:1371,7
DA:1408,50
DA:1411,7
DA:1415,7
DA:1416,7
DA:1419,7
DA:1420,7
DA:1451,21
DA:1452,21
DA:1457,7
DA:1478,155
DA:1481,7
DA:1485,7
DA:1486,7
DA:1489,7
DA:1492,7
DA:1495,7
DA:1515,7
DA:1516,0
DA:1520,7
DA:1547,7
DA:1549,7
DA:1553,7
DA:1554,7
DA:1582,152
DA:1585,7
DA:1589,7
DA:1590,7
DA:1593,7
DA:1596,7
DA:1599,7
DA:1602,7
DA:1605,7
DA:1624,7
DA:1626,7
DA:1630,7
DA:1631,7
DA:1634,7
DA:1635,7
DA:1636,7
DA:1637,7
DA:1657,7
DA:1658,0
DA:1662,7
DA:1663,7
DA:1666,7
DA:1671,7
DA:1700,152
DA:1704,7
DA:1734,14
DA:1735,14
DA:1738,7
DA:1767,123
DA:1770,7
DA:1774,7
DA:1775,7
DA:1776,7
DA:1779,7
DA:1799,331
DA:1803,7
DA:1807,7
DA:1808,7
DA:1811,7
DA:1831,0
DA:1835,7
DA:1839,7
DA:1840,7
DA:1841,7
DA:1844,7
DA:1863,7
DA:1865,7
DA:1869,7
DA:1870,7
DA:1871,7
DA:1902,0
DA:1905,7
DA:1909,7
DA:1927,7
DA:1928,0
DA:1931,7
DA:1949,0
DA:1952,7
DA:1956,7
DA:1957,7
DA:1960,7
DA:1963,7
DA:1966,7
DA:1969,7
DA:1972,7
DA:1975,7
DA:2001,0
DA:2002,0
DA:2004,0
DA:2005,0
DA:2007,0
DA:2008,0
DA:2009,0
DA:2011,0
DA:2012,0
DA:2014,0
DA:2015,0
DA:2016,0
DA:2021,7
DA:2025,7
DA:2049,21
DA:2052,7
DA:2058,7
DA:2060,7
DA:2061,7
DA:2062,7
DA:2063,7
DA:2064,7
DA:2065,7
DA:2066,7
DA:2068,7
DA:2070,7
DA:2071,7
DA:2072,7
DA:2073,7
DA:2075,7
DA:2078,0
DA:2079,0
DA:2081,0
DA:2097,1
DA:2106,1
DA:2112,1
DA:2117,1
DA:2122,1
DA:2127,1
DA:2132,1
DA:2137,1
DA:2139,1
DA:2140,1
DA:2142,1
DA:2143,1
DA:2145,1
DA:2146,1
DA:2149,1
DA:2150,1
DA:2152,1
DA:2153,1
DA:2154,1
DA:2157,1
DA:2158,1
DA:2159,1
DA:2160,1
DA:2161,1
DA:2163,1
DA:2164,1
DA:2166,1
DA:2167,1
DA:2169,1
DA:2175,7
DA:2180,6
DA:2187,1
DA:2194,1
DA:2195,1
DA:2197,1
DA:2199,1
DA:2201,1
DA:2203,1
DA:2216,1
DA:2217,1
DA:2219,1
DA:2220,1
DA:2222,1
DA:2235,0
DA:2236,0
DA:2238,0
DA:2239,0
DA:2249,0
DA:2250,0
DA:2252,0
DA:2254,0
DA:2255,0
DA:2260,0
DA:2274,2
DA:2275,2
DA:2276,2
DA:2279,2
DA:2290,2
DA:2291,2
DA:2293,3
DA:2294,3
DA:2295,1
DA:2299,3
DA:2314,1
DA:2316,1
DA:2317,0
DA:2318,0
DA:2319,0
DA:2321,0
DA:2322,0
DA:2325,1
DA:2326,1
DA:2328,1
DA:2329,1
DA:2334,0
DA:2349,0
DA:2350,0
DA:2351,0
DA:2352,0
DA:2362,0
DA:2363,0
DA:2364,0
DA:2365,0
DA:2366,0
DA:2381,0
DA:2386,0
DA:2387,0
DA:2389,0
DA:2390,0
DA:2392,0
DA:2399,1
DA:2401,1
DA:2402,1
DA:2404,1
DA:2405,1
DA:2407,1
DA:2422,1
DA:2423,0
DA:2425,1
DA:2428,1
DA:2429,1
DA:2430,1
DA:2431,0
DA:2432,1
DA:2433,0
DA:2435,1
DA:2437,1
DA:2439,1
DA:2441,1
DA:2442,1
DA:2443,0
DA:2444,0
DA:2445,0
DA:2447,1
DA:2451,1
DA:2454,1
DA:2461,1
DA:2468,1
DA:2475,1
DA:2476,3
DA:2478,1
DA:2486,1
DA:2487,1
DA:2488,1
DA:2489,1
DA:2490,0
DA:2491,0
DA:2492,0
DA:2493,0
DA:2499,1
DA:2500,1
DA:2501,1
DA:2503,0
DA:2504,0
DA:2512,0
DA:2514,0
DA:2521,0
DA:2527,0
DA:2529,0
DA:2537,0
DA:2544,1
DA:2545,3
DA:2547,1
[...]
BRDA:3131,254,0,0
BRDA:3131,254,1,0
BRDA:3135,255,0,0
BRDA:3135,255,1,0
BRDA:3140,256,0,0
BRDA:3140,256,1,0
BRDA:3143,257,0,0
BRDA:3143,257,1,0
BRDA:3147,258,0,0
BRDA:3147,258,1,0
BRDA:3151,259,0,0
BRDA:3151,259,1,0
BRDA:3166,260,0,0
BRDA:3166,260,1,0
BRDA:3168,261,0,0
BRDA:3168,261,1,0
BRDA:3172,262,0,0
BRDA:3172,262,1,0
BRDA:3182,263,0,0
BRDA:3182,263,1,0
BRDA:3182,264,0,0
BRDA:3182,264,1,0
BRDA:3183,265,0,0
BRDA:3183,265,1,0
BRDA:3189,266,0,0
BRDA:3189,266,1,0
BRDA:3203,267,0,0
BRDA:3203,267,1,0
BRDA:3206,268,0,0
BRDA:3206,268,1,0
BRDA:3206,269,0,0
BRDA:3206,269,1,0
BRDA:3213,270,0,0
BRDA:3213,270,1,0
BRDA:3226,271,0,0
BRDA:3226,271,1,0
BRDA:3240,272,0,0
BRDA:3240,272,1,0
BRDA:3242,273,0,0
BRDA:3242,273,1,0
BRDA:3257,274,0,0
BRDA:3257,274,1,0
BRDA:3259,275,0,0
BRDA:3259,275,1,0
BRDA:3260,276,0,0
BRDA:3260,276,1,0
BRDA:3274,277,0,0
BRDA:3274,277,1,0
BRDA:3275,278,0,0
BRDA:3275,278,1,0
BRDA:3277,279,0,0
BRDA:3277,279,1,0
BRDA:3280,280,0,0
BRDA:3280,280,1,0
BRDA:3289,281,0,0
BRDA:3289,281,1,0
BRDA:3290,282,0,0
BRDA:3290,282,1,0
BRDA:3307,283,0,0
BRDA:3307,283,1,0
BRDA:3307,284,0,0
BRDA:3307,284,1,0
BRDA:3309,285,0,0
BRDA:3309,285,1,0
BRDA:3319,286,0,0
BRDA:3319,286,1,0
BRDA:3341,287,0,0
BRDA:3341,287,1,0
BRDA:3350,288,0,0
BRDA:3350,288,1,0
BRDA:3370,289,0,0
BRDA:3370,289,1,0
BRDA:3370,290,0,0
BRDA:3370,290,1,0
BRDA:3382,291,0,0
BRDA:3382,291,1,0
BRDA:3382,292,0,0
BRDA:3382,292,1,0
BRDA:3384,293,0,0
BRDA:3384,293,1,0
BRDA:3384,294,0,0
BRDA:3384,294,1,0
BRDA:3386,295,0,0
BRDA:3386,295,1,0
BRDA:3386,296,0,0
BRDA:3386,296,1,0
BRDA:3440,297,0,0
BRDA:3440,297,1,0
BRDA:3460,298,0,0
BRDA:3460,298,1,0
BRDA:3460,298,2,0
BRDA:3460,298,3,0
BRDA:3470,299,0,0
BRDA:3470,299,1,0
BRDA:3470,299,2,0
BRDA:3471,300,0,0
BRDA:3471,300,1,0
BRDA:3527,301,0,0
BRDA:3527,301,1,11
BRDA:3563,302,0,0
BRDA:3563,302,1,1
BRDA:3563,303,0,1
BRDA:3563,303,1,0
BRDA:3563,303,2,0
BRDA:3591,304,0,0
BRDA:3591,304,1,21
BRDA:3602,305,0,12
BRDA:3602,305,1,21
BRDA:3603,306,0,12
BRDA:3603,306,1,21
BRDA:3606,307,0,12
BRDA:3606,307,1,10
BRDA:3625,308,0,21
BRDA:3625,308,1,12
BRDA:3636,309,0,12
BRDA:3636,309,1,0
BRDA:3636,310,0,12
BRDA:3636,310,1,12
BRDA:3647,311,0,1
BRDA:3647,311,1,0
BRDA:3648,312,0,0
BRDA:3648,312,1,1
BRDA:3650,313,0,1
BRDA:3650,313,1,0
BRDA:3660,314,0,0
BRDA:3660,314,1,0
BRDA:3661,315,0,0
BRDA:3661,315,1,0
BRDA:3661,315,2,0
BRDA:3661,315,3,0
BRDA:3711,316,0,0
BRDA:3711,316,1,0
BRDA:3737,317,0,0
BRDA:3737,317,1,0
BRDA:3743,318,0,0
BRDA:3743,318,1,0
BRDA:3751,319,0,0
BRDA:3751,319,1,0
BRDA:3754,320,0,0
BRDA:3754,320,1,0
BRDA:3755,321,0,0
BRDA:3755,321,1,0
BRDA:3756,322,0,0
BRDA:3756,322,1,0
BRDA:3758,323,0,0
BRDA:3758,323,1,0
BRDA:3779,324,0,0
BRDA:3779,324,1,0
BRDA:3781,325,0,0
BRDA:3781,325,1,0
BRDA:3781,326,0,0
BRDA:3781,326,1,0
BRDA:3788,327,0,0
BRDA:3788,327,1,0
BRDA:3795,328,0,0
BRDA:3795,328,1,0
BRDA:3805,329,0,0
BRDA:3805,329,1,13
BRDA:3805,330,0,13
BRDA:3805,330,1,0
BRDA:3806,331,0,0
BRDA:3806,331,1,0
BRDA:3810,332,0,0
BRDA:3810,332,1,0
BRDA:3834,333,0,11
BRDA:3834,333,1,2
BRDA:3834,334,0,13
BRDA:3834,334,1,11
BRDA:3842,335,0,1
BRDA:3842,335,1,0
BRDA:3847,336,0,0
BRDA:3847,336,1,0
BRDA:4717,337,0,0
BRDA:4717,337,1,0
BRDA:4751,338,0,0
BRDA:4751,338,1,0
BRDA:4759,339,0,0
BRDA:4759,339,1,0
BRDA:4761,340,0,0
BRDA:4761,340,1,0
BRDA:4765,341,0,0
BRDA:4765,341,1,0
BRDA:4765,342,0,0
BRDA:4765,342,1,0
BRDA:4770,343,0,0
BRDA:4770,343,1,0
BRDA:4775,344,0,0
BRDA:4775,344,1,0
BRDA:4778,345,0,0
BRDA:4778,345,1,0
BRDA:4781,346,0,0
BRDA:4781,346,1,0
BRDA:4781,347,0,0
BRDA:4781,347,1,0
BRDA:4782,348,0,0
BRDA:4782,348,1,0
BRDA:4794,349,0,0
BRDA:4794,349,1,0
BRDA:4802,350,0,0
BRDA:4802,350,1,0
BRDA:4804,351,0,0
BRDA:4804,351,1,0
BRDA:4805,352,0,0
BRDA:4805,352,1,0
BRDA:4806,353,0,0
BRDA:4806,353,1,0
BRDA:4817,354,0,0
BRDA:4817,354,1,0
BRDA:4819,355,0,0
BRDA:4819,355,1,0
BRDA:4821,356,0,0
BRDA:4821,356,1,0
BRDA:4825,357,0,0
BRDA:4825,357,1,0
BRDA:4833,358,0,0
BRDA:4833,358,1,0
BRDA:4840,359,0,0
BRDA:4840,359,1,0
BRDA:4844,360,0,0
BRDA:4844,360,1,0
BRDA:4849,361,0,0
BRDA:4849,361,1,0
BRDA:4850,362,0,0
BRDA:4850,362,1,0
BRDA:4850,363,0,0
BRDA:4850,363,1,0
BRDA:4853,364,0,0
BRDA:4853,364,1,0
BRDA:4853,365,0,0
BRDA:4853,365,1,0
BRDA:4854,366,0,0
BRDA:4854,366,1,0
BRDA:4856,367,0,0
BRDA:4856,367,1,0
BRDA:4861,368,0,0
BRDA:4861,368,1,0
BRDA:4865,369,0,0
BRDA:4865,369,1,0
BRDA:4865,370,0,0
BRDA:4865,370,1,0
BRDA:4918,371,0,0
BRDA:4918,371,1,152
BRDA:4924,372,0,0
BRDA:4924,372,1,152
BRDA:4925,373,0,152
BRDA:4925,373,1,97
BRDA:4927,374,0,0
BRDA:4927,374,1,97
BRDA:4929,375,0,2
BRDA:4929,375,1,95
BRDA:4932,376,0,95
BRDA:4932,376,1,95
BRDA:4932,376,2,95
BRDA:4971,377,0,0
BRDA:4971,377,1,1
BRDA:4977,378,0,0
BRDA:4977,378,1,1
BRDA:4998,379,0,1
BRDA:4998,379,1,0
BRDA:4999,380,0,1
BRDA:4999,380,1,0
BRDA:5001,381,0,0
BRDA:5001,381,1,1
BRDA:5006,382,0,0
BRDA:5006,382,1,1
BRDA:5007,383,0,0
BRDA:5007,383,1,0
BRDA:5007,384,0,0
BRDA:5007,384,1,0
BRDA:5017,385,0,0
BRDA:5017,385,1,1
BRDA:5017,386,0,1
BRDA:5017,386,1,0
BRDA:5022,387,0,0
BRDA:5022,387,1,1
BRDA:5034,388,0,0
BRDA:5034,388,1,1
BRDA:5036,389,0,0
BRDA:5036,389,1,0
BRDA:5036,390,0,0
BRDA:5036,390,1,0
BRDA:5051,391,0,0
BRDA:5051,391,1,0
BRDA:5065,392,0,1
BRDA:5065,392,1,2
BRDA:5068,393,0,0
BRDA:5068,393,1,3
BRDA:5073,394,0,0
BRDA:5073,394,1,1
BRDA:5073,395,0,1
BRDA:5073,395,1,0
BRDA:5085,396,0,0
BRDA:5085,396,1,1
BRDA:5096,397,0,0
BRDA:5096,397,1,1
BRDA:5107,398,0,0
BRDA:5107,398,1,0
BRDA:5121,399,0,1
BRDA:5121,399,1,0
BRDA:5122,400,0,1
BRDA:5122,400,1,0
BRDA:5122,400,2,0
BRDA:5122,400,3,0
BRDA:5129,401,0,0
BRDA:5129,401,1,0
BRDA:5130,402,0,0
BRDA:5130,402,1,0
BRDA:5137,403,0,0
BRDA:5137,403,1,0
BRDA:5140,404,0,0
BRDA:5140,404,1,0
BRDA:5146,405,0,0
BRDA:5146,405,1,0
BRDA:5146,406,0,0
BRDA:5146,406,1,0
BRDA:5165,407,0,0
BRDA:5165,407,1,0
BRDA:5188,408,0,0
BRDA:5188,408,1,0
BRDA:5190,409,0,0
BRDA:5190,409,1,0
BRDA:5196,410,0,0
BRDA:5196,410,1,0
BRDA:5203,411,0,0
BRDA:5203,411,1,0
BRDA:5212,412,0,0
BRDA:5212,412,1,0
BRDA:5214,413,0,0
BRDA:5214,413,1,0
BRDA:5214,414,0,0
BRDA:5214,414,1,0
BRDA:5239,415,0,11
BRDA:5239,415,1,2
BRDA:5242,416,0,11
BRDA:5242,416,1,11
BRDA:5293,417,0,11
BRDA:5293,417,1,9
BRDA:5331,418,0,0
BRDA:5331,418,1,11
BRDA:5334,419,0,11
BRDA:5334,419,1,11
BRDA:5337,420,0,11
BRDA:5337,420,1,11
BRDA:5365,421,0,1
BRDA:5365,421,1,0
BRDA:5406,422,0,2
BRDA:5406,422,1,0
BRDA:5431,423,0,0
BRDA:5431,423,1,0
BRDA:5433,424,0,0
BRDA:5433,424,1,0
BRDA:5448,425,0,0
BRDA:5448,425,1,0
BRDA:5450,426,0,0
BRDA:5450,426,1,0
BRDA:5456,427,0,0
BRDA:5456,427,1,0
BRDA:5464,428,0,0
BRDA:5464,428,1,0
BRDA:5464,429,0,0
BRDA:5464,429,1,0
BRDA:5469,430,0,0
BRDA:5469,430,1,0
BRDA:5476,431,0,0
BRDA:5476,431,1,0
BRDA:5503,432,0,1
BRDA:5503,432,1,1
BRDA:5508,433,0,1
BRDA:5508,433,1,0
BRDA:5508,434,0,1
BRDA:5508,434,1,0
BRDA:5510,435,0,0
BRDA:5510,435,1,0
BRDA:5521,436,0,1
BRDA:5521,436,1,1
BRDA:5521,437,0,2
BRDA:5521,437,1,1
BRDA:5521,437,2,1
BRDA:5527,438,0,1
BRDA:5527,438,1,1
BRDA:5528,439,0,1
BRDA:5528,439,1,0
BRDA:5550,440,0,0
BRDA:5550,440,1,0
BRDA:5567,441,0,1
BRDA:5567,441,1,0
BRDA:5588,442,0,21
BRDA:5588,442,1,10
BRDA:5595,443,0,10
BRDA:5595,443,1,11
BRDA:5677,444,0,13
BRDA:5677,444,1,0
BRDA:5684,445,0,2
BRDA:5684,445,1,11
BRDA:5685,446,0,2
BRDA:5685,446,1,0
BRDA:5687,447,0,11
BRDA:5687,447,1,2
BRDA:5693,448,0,13
BRDA:5693,448,1,11
BRDA:5717,449,0,12
BRDA:5717,449,1,0
BRDA:5719,450,0,0
BRDA:5719,450,1,12
BRDA:5719,451,0,12
BRDA:5719,451,1,12
BRDA:5720,452,0,0
BRDA:5720,452,1,0
BRDA:5728,453,0,0
BRDA:5728,453,1,12
BRDA:5733,454,0,12
BRDA:5733,454,1,0
BRDA:5733,455,0,12
BRDA:5733,455,1,12
BRDA:5739,456,0,0
BRDA:5739,456,1,12
BRDA:5748,457,0,0
BRDA:5748,457,1,0
BRDA:5764,458,0,0
BRDA:5764,458,1,50
BRDA:5768,459,0,50
BRDA:5768,459,1,0
BRDA:5770,460,0,0
BRDA:5770,460,1,0
BRDA:5816,461,0,12
BRDA:5816,461,1,0
BRDA:5816,462,0,12
BRDA:5816,462,1,12
BRDA:5816,462,2,12
BRDA:5827,463,0,1
BRDA:5827,463,1,0
BRDA:5827,464,0,1
BRDA:5827,464,1,1
BRDA:5842,465,0,1
BRDA:5842,465,1,3
BRDA:5862,466,0,0
BRDA:5862,466,1,0
BRDA:5930,467,0,0
BRDA:5930,467,1,0
BRDA:5943,468,0,0
BRDA:5943,468,1,0
BRDA:5963,469,0,0
BRDA:5963,469,1,0
BRDA:5965,470,0,0
BRDA:5965,470,1,0
BRDA:5967,471,0,0
BRDA:5967,471,1,0
BRDA:5967,472,0,0
BRDA:5967,472,1,0
BRDA:5971,473,0,0
BRDA:5971,473,1,0
BRDA:6010,474,0,50
BRDA:6010,474,1,50
BRDA:6026,475,0,0
BRDA:6026,475,1,0
BRDA:6028,476,0,0
BRDA:6028,476,1,0
BRDA:6032,477,0,0
BRDA:6032,477,1,0
BRDA:6049,478,0,0
BRDA:6049,478,1,13
BRDA:6051,479,0,13
BRDA:6051,479,1,0
BRDA:6051,480,0,13
BRDA:6051,480,1,13
BRDA:6051,480,2,1
BRDA:6051,480,3,13
BRDA:6052,481,0,1
BRDA:6052,481,1,12
BRDA:6070,482,0,4
BRDA:6070,482,1,0
BRDA:6127,483,0,0
BRDA:6127,483,1,1
BRDA:6129,484,0,1
BRDA:6129,484,1,0
BRDA:6136,485,0,0
BRDA:6136,485,1,1
BRDA:6160,486,0,0
BRDA:6160,486,1,0
BRDA:6201,487,0,0
BRDA:6201,487,1,0
BRDA:6227,488,0,0
BRDA:6227,488,1,0
BRDA:6235,489,0,0
BRDA:6235,489,1,0
BRDA:6254,490,0,0
BRDA:6254,490,1,0
BRDA:6287,491,0,0
BRDA:6287,491,1,0
BRDA:6293,492,0,0
BRDA:6293,492,1,0
BRDA:6324,493,0,0
BRDA:6324,493,1,11
BRDA:6363,494,0,0
BRDA:6363,494,1,0
BRDA:6384,495,0,0
BRDA:6384,495,1,0
BRDA:6384,496,0,0
BRDA:6384,496,1,0
BRDA:6388,497,0,0
BRDA:6388,497,1,0
BRDA:6426,498,0,0
BRDA:6426,498,1,0
BRDA:6426,499,0,0
BRDA:6426,499,1,0
BRDA:6456,500,0,0
BRDA:6456,500,1,0
BRDA:6456,500,2,0
BRDA:6468,501,0,23
BRDA:6468,501,1,0
BRDA:6468,501,2,0
BRDA:6468,501,3,0
BRDA:6497,502,0,1
BRDA:6497,502,1,0
BRDA:6497,503,0,1
BRDA:6497,503,1,1
BRDA:6527,504,0,3
BRDA:6527,504,1,1
BRDA:6528,505,0,2
BRDA:6528,505,1,1
BRDA:7088,506,0,0
BRDA:7088,506,1,12
BRDA:7100,507,0,0
BRDA:7100,507,1,12
BRDA:7109,508,0,0
BRDA:7109,508,1,2
BRDA:7122,509,0,10
BRDA:7122,509,1,2
BRDA:7126,510,0,12
BRDA:7126,510,1,0
BRDA:7130,511,0,0
BRDA:7130,511,1,0
BRDA:7134,512,0,0
BRDA:7134,512,1,0
BRDA:7138,513,0,0
BRDA:7138,513,1,0
BRDA:7143,514,0,0
BRDA:7143,514,1,11
BRDA:7148,515,0,9
BRDA:7148,515,1,2
BRDA:7153,516,0,0
BRDA:7153,516,1,11
BRDA:7157,517,0,0
BRDA:7157,517,1,1
BRDA:7172,518,0,0
BRDA:7172,518,1,11
BRDA:7172,519,0,11
BRDA:7172,519,1,0
BRDA:7181,520,0,2
BRDA:7181,520,1,9
BRDA:7181,521,0,11
BRDA:7181,521,1,9
BRDA:7181,521,2,9
BRDA:7183,522,0,2
BRDA:7183,522,1,0
BRDA:7183,522,2,0
BRDA:7199,523,0,6
BRDA:7199,523,1,0
BRDA:7202,524,0,0
BRDA:7202,524,1,0
BRDA:7202,525,0,0
BRDA:7202,525,1,0
BRDA:7206,526,0,10
BRDA:7206,526,1,0
BRDA:7213,527,0,10
BRDA:7213,527,1,0
BRDA:7215,528,0,10
BRDA:7215,528,1,20
BRDA:7226,529,0,0
BRDA:7226,529,1,10
BRDA:7227,530,0,0
BRDA:7227,530,1,10
BRDA:7230,531,0,0
BRDA:7230,531,1,0
BRDA:7232,532,0,0
BRDA:7232,532,1,0
BRDA:7237,533,0,0
BRDA:7237,533,1,10
BRDA:7240,534,0,0
BRDA:7240,534,1,10
BRDA:7241,535,0,0
BRDA:7241,535,1,0
BRDA:7244,536,0,0
BRDA:7244,536,1,10
BRDA:7245,537,0,0
BRDA:7245,537,1,0
BRDA:7252,538,0,12
BRDA:7252,538,1,14
BRDA:7252,539,0,26
BRDA:7252,539,1,24
BRDA:7253,540,0,12
BRDA:7253,540,1,0
BRDA:7257,541,0,0
BRDA:7257,541,1,0
BRDA:7257,542,0,0
BRDA:7257,542,1,0
BRDA:7257,542,2,0
BRDA:7257,542,3,0
BRDA:7266,543,0,2
BRDA:7266,543,1,0
BRDA:7276,544,0,0
BRDA:7276,544,1,11
BRDA:7282,545,0,50
BRDA:7282,545,1,50
BRDA:7282,545,2,50
BRDA:7282,545,3,50
BRDA:7290,546,0,10
BRDA:7290,546,1,10
BRDA:7290,546,2,10
BRDA:7290,546,3,10
BRDA:7294,547,0,2
BRDA:7294,547,1,0
BRDA:7294,547,2,0
BRDA:7294,547,3,0
BRDA:7299,548,0,13
BRDA:7299,548,1,12
BRDA:7303,549,0,13
BRDA:7303,549,1,10
BRDA:7303,549,2,10
BRDA:7303,549,3,0
BRDA:7307,550,0,1
BRDA:7307,550,1,12
BRDA:7312,551,0,3
BRDA:7312,551,1,0
BRDA:7317,552,0,1
BRDA:7317,552,1,0
BRDA:7322,553,0,0
BRDA:7322,553,1,1
BRDA:7323,554,0,0
BRDA:7323,554,1,1
BRDA:7326,555,0,0
BRDA:7326,555,1,1
BRDA:7326,556,0,1
BRDA:7326,556,1,0
BRDA:7328,557,0,0
BRDA:7328,557,1,0
BRDA:7351,558,0,0
BRDA:7351,558,1,27
BRF:1220
BRH:381
end_of_record
TN:
SF:/opt/jenkins/workspace/master/nuxeo-elements-master/ui/widgets/nuxeo-tooltip.js
FN:40,(anonymous_0)
FN:52,(anonymous_1)
FN:56,(anonymous_2)
FN:77,(anonymous_3)
FN:86,(anonymous_4)
FN:98,(anonymous_5)
FN:110,(anonymous_6)
FN:116,(anonymous_7)
FN:131,(anonymous_8)
FN:144,(anonymous_9)
FNF:10
FNH:7
FNDA:8,(anonymous_0)
FNDA:27,(anonymous_1)
FNDA:11,(anonymous_2)
FNDA:92,(anonymous_3)
FNDA:84,(anonymous_4)
FNDA:84,(anonymous_5)
FNDA:0,(anonymous_6)
FNDA:0,(anonymous_7)
FNDA:0,(anonymous_8)
FNDA:84,(anonymous_9)
DA:41,8
DA:53,27
DA:57,11
DA:78,92
DA:82,92
DA:83,92
DA:87,84
DA:88,84
DA:89,84
DA:90,84
DA:91,84
DA:92,84
DA:93,84
DA:94,84
DA:99,84
DA:100,84
DA:101,84
DA:102,84
DA:103,84
DA:104,84
DA:105,84
DA:107,84
DA:111,0
DA:113,0
DA:114,0
DA:116,0
DA:117,0
DA:120,0
DA:122,0
DA:123,0
DA:124,0
DA:125,0
DA:126,0
DA:127,0
DA:132,0
DA:133,0
DA:134,0
DA:145,84
DA:147,84
DA:149,84
DA:150,0
DA:152,84
DA:155,84
DA:159,11
DA:160,11
LF:45
LH:29
BRDA:89,0,0,84
BRDA:89,0,1,0
BRDA:100,1,0,84
BRDA:100,1,1,0
BRDA:111,2,0,0
BRDA:111,2,1,0
BRDA:132,3,0,0
BRDA:132,3,1,0
BRDA:149,4,0,0
BRDA:149,4,1,84
BRDA:152,5,0,84
BRDA:152,5,1,0
BRF:12
BRH:4
end_of_record
TN:
SF:/opt/jenkins/workspace/master/nuxeo-elements-master/ui/widgets/nuxeo-uploader-behavior.js
FN:24,DefaultUploadProvider
FN:32,(anonymous_1)
FN:34,(anonymous_2)
FN:42,(anonymous_3)
FN:43,(anonymous_4)
FN:55,(anonymous_5)
FN:57,(anonymous_6)
FN:64,(anonymous_7)
FN:66,(anonymous_8)
FN:70,(anonymous_9)
FN:72,(anonymous_10)
FN:82,(anonymous_11)
FN:99,(anonymous_12)
FN:100,(anonymous_13)
FN:120,(anonymous_14)
FN:134,(anonymous_15)
FN:298,(anonymous_16)
FN:326,(anonymous_17)
FN:330,(anonymous_18)
FN:366,(anonymous_19)
FNF:20
FNH:1
FNDA:26,DefaultUploadProvider
FNDA:0,(anonymous_1)
FNDA:0,(anonymous_2)
FNDA:0,(anonymous_3)
FNDA:0,(anonymous_4)
FNDA:0,(anonymous_5)
FNDA:0,(anonymous_6)
FNDA:0,(anonymous_7)
FNDA:0,(anonymous_8)
FNDA:0,(anonymous_9)
FNDA:0,(anonymous_10)
FNDA:0,(anonymous_11)
FNDA:0,(anonymous_12)
FNDA:0,(anonymous_13)
FNDA:0,(anonymous_14)
FNDA:0,(anonymous_15)
FNDA:0,(anonymous_16)
FNDA:0,(anonymous_17)
FNDA:0,(anonymous_18)
FNDA:0,(anonymous_19)
DA:25,26
DA:26,26
DA:27,26
DA:28,26
DA:29,26
DA:32,2
DA:33,0
DA:34,0
DA:35,0
DA:38,0
DA:42,2
DA:43,0
DA:44,0
DA:55,2
DA:56,0
DA:57,0
DA:58,0
DA:59,0
DA:60,0
DA:61,0
DA:62,0
DA:64,0
DA:65,0
DA:67,0
DA:70,0
DA:71,0
DA:73,0
DA:82,2
DA:83,0
DA:84,0
DA:85,0
DA:87,0
DA:88,0
DA:99,2
DA:100,0
DA:101,0
DA:102,0
DA:103,0
DA:105,0
DA:106,0
DA:108,0
DA:120,2
DA:121,0
DA:122,0
DA:124,0
DA:125,0
DA:126,0
DA:134,2
DA:135,0
DA:138,2
DA:139,2
DA:144,2
DA:202,16
DA:210,44
DA:211,44
DA:216,22
DA:217,8
DA:218,14
DA:219,4
DA:224,16
DA:225,16
DA:229,16
DA:230,16
DA:237,10
DA:244,10
DA:251,2
DA:261,6
DA:262,6
DA:266,16
DA:267,16
DA:268,16
DA:269,16
DA:270,16
DA:271,16
DA:272,16
DA:276,16
DA:277,16
DA:278,16
DA:279,16
DA:280,16
DA:281,16
DA:282,16
DA:286,0
DA:287,0
DA:288,0
DA:290,0
DA:291,0
DA:294,0
DA:295,0
DA:298,0
DA:299,0
DA:301,0
DA:302,0
DA:304,0
DA:305,0
DA:307,0
DA:308,0
DA:310,0
DA:311,0
DA:313,0
DA:314,0
DA:316,0
DA:317,0
DA:325,0
DA:327,0
DA:328,0
DA:329,0
DA:331,0
DA:332,0
DA:333,0
DA:338,0
DA:342,0
DA:346,0
DA:347,0
DA:349,0
DA:350,0
DA:351,0
DA:352,0
DA:355,0
DA:357,0
DA:362,0
DA:366,0
DA:367,0
DA:372,0
DA:373,0
DA:374,0
DA:378,0
DA:379,0
DA:383,0
DA:384,0
DA:385,0
DA:386,0
DA:387,0
DA:391,0
DA:399,0
DA:403,0
DA:407,0
DA:412,0
DA:413,0
DA:417,0
DA:421,0
DA:422,0
DA:423,0
LF:143
LH:45
BRDA:33,0,0,0
BRDA:33,0,1,0
BRDA:33,1,0,0
BRDA:33,1,1,0
BRDA:56,2,0,0
BRDA:56,2,1,0
BRDA:61,3,0,0
BRDA:61,3,1,0
BRDA:83,4,0,0
BRDA:83,4,1,0
BRDA:84,5,0,0
BRDA:84,5,1,0
BRDA:102,6,0,0
BRDA:102,6,1,0
BRDA:105,7,0,0
BRDA:105,7,1,0
BRDA:121,8,0,0
BRDA:121,8,1,0
BRDA:124,9,0,0
BRDA:124,9,1,0
BRDA:125,10,0,0
BRDA:125,10,1,0
BRDA:126,11,0,0
BRDA:126,11,1,0
BRDA:210,12,0,44
BRDA:210,12,1,0
BRDA:216,13,0,8
BRDA:216,13,1,14
BRDA:216,14,0,22
BRDA:216,14,1,18
BRDA:218,15,0,4
BRDA:218,15,1,10
BRDA:286,16,0,0
BRDA:286,16,1,0
BRDA:290,17,0,0
BRDA:290,17,1,0
BRDA:294,18,0,0
BRDA:294,18,1,0
BRDA:299,19,0,0
BRDA:299,19,1,0
BRDA:299,19,2,0
BRDA:299,19,3,0
BRDA:299,19,4,0
BRDA:299,19,5,0
BRDA:299,19,6,0
BRDA:346,20,0,0
BRDA:346,20,1,0
BRDA:349,21,0,0
BRDA:349,21,1,0
BRDA:351,22,0,0
BRDA:351,22,1,0
BRDA:362,23,0,0
BRDA:362,23,1,0
BRDA:399,24,0,0
BRDA:399,24,1,0
BRF:55
BRH:7
end_of_record
TN:
SF:/opt/jenkins/workspace/master/nuxeo-elements-master/ui/widgets/nuxeo-user-avatar.js
FN:33,(anonymous_0)
FN:65,(anonymous_1)
FN:69,(anonymous_2)
FN:132,(anonymous_3)
FN:138,(anonymous_4)
FN:142,(anonymous_5)
FN:147,(anonymous_6)
FN:154,(anonymous_7)
FN:164,(anonymous_8)
FN:173,(anonymous_9)
FN:176,(anonymous_10)
FN:179,(anonymous_11)
FN:182,(anonymous_12)
FN:185,(anonymous_13)
FN:188,(anonymous_14)
FN:194,(anonymous_15)
FN:199,(anonymous_16)
FN:205,(anonymous_17)
FN:235,(anonymous_18)
FN:241,(anonymous_19)
FNF:20
FNH:2
FNDA:0,(anonymous_0)
FNDA:2,(anonymous_1)
FNDA:2,(anonymous_2)
FNDA:0,(anonymous_3)
FNDA:0,(anonymous_4)
FNDA:0,(anonymous_5)
FNDA:0,(anonymous_6)
FNDA:0,(anonymous_7)
FNDA:0,(anonymous_8)
FNDA:0,(anonymous_9)
FNDA:0,(anonymous_10)
FNDA:0,(anonymous_11)
FNDA:0,(anonymous_12)
FNDA:0,(anonymous_13)
FNDA:0,(anonymous_14)
FNDA:0,(anonymous_15)
FNDA:0,(anonymous_16)
FNDA:0,(anonymous_17)
FNDA:0,(anonymous_18)
FNDA:0,(anonymous_19)
DA:34,0
DA:66,2
DA:70,2
DA:133,0
DA:139,0
DA:143,0
DA:148,0
DA:149,0
DA:150,0
DA:155,0
DA:156,0
DA:157,0
DA:158,0
DA:160,0
DA:165,0
DA:166,0
DA:167,0
DA:169,0
DA:174,0
DA:177,0
DA:180,0
DA:183,0
DA:186,0
DA:189,0
DA:190,0
DA:192,0
DA:195,0
DA:196,0
DA:197,0
DA:200,0
DA:201,0
DA:202,0
DA:206,0
DA:207,0
DA:210,0
DA:211,0
DA:212,0
DA:213,0
DA:215,0
DA:216,0
DA:222,0
DA:225,0
DA:226,0
DA:227,0
DA:228,0
DA:229,0
DA:230,0
DA:232,0
DA:233,0
DA:234,0
DA:235,0
DA:236,0
DA:239,0
DA:242,0
DA:250,2
DA:251,2
LF:56
LH:4
BRDA:139,0,0,0
BRDA:139,0,1,0
BRDA:139,1,0,0
BRDA:139,1,1,0
BRDA:143,2,0,0
BRDA:143,2,1,0
BRDA:143,2,2,0
BRDA:143,2,3,0
BRDA:143,2,4,0
BRDA:143,2,5,0
BRDA:148,3,0,0
BRDA:148,3,1,0
BRDA:149,4,0,0
BRDA:149,4,1,0
BRDA:150,5,0,0
BRDA:150,5,1,0
BRDA:155,6,0,0
BRDA:155,6,1,0
BRDA:156,7,0,0
BRDA:156,7,1,0
BRDA:157,8,0,0
BRDA:157,8,1,0
BRDA:158,9,0,0
BRDA:158,9,1,0
BRDA:158,10,0,0
BRDA:158,10,1,0
BRDA:165,11,0,0
BRDA:165,11,1,0
BRDA:166,12,0,0
BRDA:166,12,1,0
BRDA:167,13,0,0
BRDA:167,13,1,0
BRDA:189,14,0,0
BRDA:189,14,1,0
BRDA:189,15,0,0
BRDA:189,15,1,0
BRDA:206,16,0,0
BRDA:206,16,1,0
BRDA:207,17,0,0
BRDA:207,17,1,0
BRDA:207,18,0,0
BRDA:207,18,1,0
BRDA:207,18,2,0
BRDA:233,19,0,0
BRDA:233,19,1,0
BRDA:236,20,0,0
BRDA:236,20,1,0
BRDA:236,21,0,0
BRDA:236,21,1,0
BRDA:236,21,2,0
BRF:50
BRH:0
end_of_record
TN:
SF:/opt/jenkins/workspace/master/nuxeo-elements-master/ui/widgets/nuxeo-user-group-formatter.js
FN:27,(anonymous_0)
FN:80,(anonymous_1)
FN:84,(anonymous_2)
FN:92,(anonymous_3)
FN:96,(anonymous_4)
FN:100,(anonymous_5)
FNF:6
FNH:2
FNDA:0,(anonymous_0)
FNDA:2,(anonymous_1)
FNDA:2,(anonymous_2)
FNDA:0,(anonymous_3)
FNDA:0,(anonymous_4)
FNDA:0,(anonymous_5)
DA:28,0
DA:81,2
DA:85,2
DA:93,0
DA:97,0
DA:101,0
DA:102,0
DA:104,0
DA:108,2
LF:9
LH:3
BRDA:101,0,0,0
BRDA:101,0,1,0
BRF:2
BRH:0
end_of_record
TN:
SF:/opt/jenkins/workspace/master/nuxeo-elements-master/ui/widgets/nuxeo-user-suggestion.js
FN:50,(anonymous_0)
FN:88,(anonymous_1)
FN:92,(anonymous_2)
FN:239,(anonymous_3)
FN:243,(anonymous_4)
FN:249,(anonymous_5)
FN:269,(anonymous_6)
FN:277,(anonymous_7)
FN:287,(anonymous_8)
FNF:9
FNH:5
FNDA:2,(anonymous_0)
FNDA:6,(anonymous_1)
FNDA:2,(anonymous_2)
FNDA:6,(anonymous_3)
FNDA:6,(anonymous_4)
FNDA:0,(anonymous_5)
FNDA:0,(anonymous_6)
FNDA:0,(anonymous_7)
FNDA:0,(anonymous_8)
DA:51,2
DA:89,6
DA:93,2
DA:195,6
DA:205,6
DA:215,6
DA:227,6
DA:240,6
DA:244,6
DA:250,0
DA:251,0
DA:253,0
DA:254,0
DA:256,0
DA:258,0
DA:260,0
DA:261,0
DA:263,0
DA:270,0
DA:271,0
DA:274,0
DA:278,0
DA:279,0
DA:281,0
DA:288,0
DA:289,0
DA:291,0
DA:296,2
DA:297,2
LF:29
LH:11
BRDA:250,0,0,0
BRDA:250,0,1,0
BRDA:251,1,0,0
BRDA:251,1,1,0
BRDA:251,1,2,0
BRDA:253,2,0,0
BRDA:253,2,1,0
BRDA:253,3,0,0
BRDA:253,3,1,0
BRDA:253,3,2,0
BRDA:258,4,0,0
BRDA:258,4,1,0
BRDA:260,5,0,0
BRDA:260,5,1,0
BRDA:263,6,0,0
BRDA:263,6,1,0
BRDA:270,7,0,0
BRDA:270,7,1,0
BRDA:270,8,0,0
BRDA:270,8,1,0
BRDA:270,8,2,0
BRDA:274,9,0,0
BRDA:274,9,1,0
BRDA:278,10,0,0
BRDA:278,10,1,0
BRDA:278,11,0,0
BRDA:278,11,1,0
BRDA:281,12,0,0
BRDA:281,12,1,0
BRDA:288,13,0,0
BRDA:288,13,1,0
BRDA:289,14,0,0
BRDA:289,14,1,0
BRF:33
BRH:0
end_of_record
